<?xml version="1.0" encoding="UTF-8"?>
<robot generator="Robot 6.0.2 (Python 3.11.1 on win32)" generated="20230201 16:20:41.673" rpa="false" schemaversion="3">
<suite id="s1" name="SwitchToMultipleBrowsers" source="C:\Users\lua-b\OneDrive\Área de Trabalho\Robot\TestCases\SwitchToMultipleBrowsers.robot">
<test id="s1-t1" name="SwitchToMultipleBrowsers" line="5">
<kw name="Open Browser" library="SeleniumLibrary">
<arg>https://www.google.com</arg>
<arg>chrome</arg>
<doc>Opens a new browser instance to the optional ``url``.</doc>
<msg timestamp="20230201 16:20:43.383" level="INFO">Opening browser 'chrome' to base url 'https://www.google.com'.</msg>
<status status="PASS" starttime="20230201 16:20:43.379" endtime="20230201 16:20:57.138"/>
</kw>
<kw name="Maximize Browser Window" library="SeleniumLibrary">
<doc>Maximizes current browser window.</doc>
<status status="PASS" starttime="20230201 16:20:57.140" endtime="20230201 16:20:57.372"/>
</kw>
<kw name="Sleep" library="BuiltIn">
<arg>3</arg>
<doc>Pauses the test executed for the given time.</doc>
<msg timestamp="20230201 16:21:00.374" level="INFO">Slept 3 seconds</msg>
<status status="PASS" starttime="20230201 16:20:57.373" endtime="20230201 16:21:00.374"/>
</kw>
<kw name="Open Browser" library="SeleniumLibrary">
<arg>https://www.bing.com</arg>
<arg>chrome</arg>
<doc>Opens a new browser instance to the optional ``url``.</doc>
<msg timestamp="20230201 16:21:00.377" level="INFO">Opening browser 'chrome' to base url 'https://www.bing.com'.</msg>
<status status="PASS" starttime="20230201 16:21:00.375" endtime="20230201 16:21:04.613"/>
</kw>
<kw name="Maximize Browser Window" library="SeleniumLibrary">
<doc>Maximizes current browser window.</doc>
<status status="PASS" starttime="20230201 16:21:04.614" endtime="20230201 16:21:05.144"/>
</kw>
<kw name="Switch Browser" library="SeleniumLibrary">
<arg>1</arg>
<doc>Switches between active browsers using ``index_or_alias``.</doc>
<status status="PASS" starttime="20230201 16:21:05.145" endtime="20230201 16:21:05.146"/>
</kw>
<kw name="Get Title" library="SeleniumLibrary">
<var>${title}</var>
<doc>Returns the title of the current page.</doc>
<msg timestamp="20230201 16:21:05.213" level="INFO">${title} = Google</msg>
<status status="PASS" starttime="20230201 16:21:05.147" endtime="20230201 16:21:05.214"/>
</kw>
<kw name="Log To Console" library="BuiltIn">
<arg>${title}</arg>
<doc>Logs the given message to the console.</doc>
<status status="PASS" starttime="20230201 16:21:05.215" endtime="20230201 16:21:05.217"/>
</kw>
<kw name="Switch Browser" library="SeleniumLibrary">
<arg>2</arg>
<doc>Switches between active browsers using ``index_or_alias``.</doc>
<status status="PASS" starttime="20230201 16:21:05.218" endtime="20230201 16:21:05.219"/>
</kw>
<kw name="Get Title" library="SeleniumLibrary">
<var>${title2}</var>
<doc>Returns the title of the current page.</doc>
<msg timestamp="20230201 16:21:05.343" level="INFO">${title2} = Bing</msg>
<status status="PASS" starttime="20230201 16:21:05.219" endtime="20230201 16:21:05.343"/>
</kw>
<kw name="Log To Console" library="BuiltIn">
<arg>${title2}</arg>
<doc>Logs the given message to the console.</doc>
<status status="PASS" starttime="20230201 16:21:05.344" endtime="20230201 16:21:05.345"/>
</kw>
<kw name="Sleep" library="BuiltIn">
<arg>3</arg>
<doc>Pauses the test executed for the given time.</doc>
<msg timestamp="20230201 16:21:08.348" level="INFO">Slept 3 seconds</msg>
<status status="PASS" starttime="20230201 16:21:05.346" endtime="20230201 16:21:08.348"/>
</kw>
<kw name="Close All Browsers" library="SeleniumLibrary">
<doc>Closes all open browsers and resets the browser cache.</doc>
<status status="PASS" starttime="20230201 16:21:08.349" endtime="20230201 16:21:24.985"/>
</kw>
<status status="PASS" starttime="20230201 16:20:43.365" endtime="20230201 16:21:24.986"/>
</test>
<status status="PASS" starttime="20230201 16:20:41.682" endtime="20230201 16:21:24.988"/>
</suite>
<statistics>
<total>
<stat pass="1" fail="0" skip="0">All Tests</stat>
</total>
<tag>
</tag>
<suite>
<stat pass="1" fail="0" skip="0" id="s1" name="SwitchToMultipleBrowsers">SwitchToMultipleBrowsers</stat>
</suite>
</statistics>
<errors>
</errors>
</robot>
