<?xml version="1.0" encoding="UTF-8"?>
<robot generator="Robot 6.0.2 (Python 3.11.1 on win32)" generated="20230131 07:19:11.607" rpa="false" schemaversion="3">
<suite id="s1" name="TimeOutTest" source="C:\Users\lua-b\OneDrive\Área de Trabalho\Robot\TestCases\TimeOutTest.robot">
<test id="s1-t1" name="RegTest" line="5">
<kw name="Open Browser" library="SeleniumLibrary">
<arg>https://demowebshop.tricentis.com/register</arg>
<arg>chrome</arg>
<doc>Opens a new browser instance to the optional ``url``.</doc>
<msg timestamp="20230131 07:19:13.072" level="INFO">Opening browser 'chrome' to base url 'https://demowebshop.tricentis.com/register'.</msg>
<status status="PASS" starttime="20230131 07:19:13.070" endtime="20230131 07:19:21.219"/>
</kw>
<kw name="Maximize Browser Window" library="SeleniumLibrary">
<doc>Maximizes current browser window.</doc>
<status status="PASS" starttime="20230131 07:19:21.220" endtime="20230131 07:19:21.390"/>
</kw>
<kw name="Set Selenium Timeout" library="SeleniumLibrary">
<arg>10 seconds</arg>
<doc>Sets the timeout that is used by various keywords.</doc>
<status status="PASS" starttime="20230131 07:19:21.390" endtime="20230131 07:19:21.402"/>
</kw>
<kw name="Wait Until Page Contains" library="SeleniumLibrary">
<arg>Registration</arg>
<doc>Waits until ``text`` appears on the current page.</doc>
<msg timestamp="20230131 07:19:31.635" level="INFO" html="true">&lt;/td&gt;&lt;/tr&gt;&lt;tr&gt;&lt;td colspan="3"&gt;&lt;a href="selenium-screenshot-5.png"&gt;&lt;img src="selenium-screenshot-5.png" width="800px"&gt;&lt;/a&gt;</msg>
<msg timestamp="20230131 07:19:31.636" level="FAIL">Text 'Registration' did not appear in 10 seconds.</msg>
<status status="FAIL" starttime="20230131 07:19:21.403" endtime="20230131 07:19:31.661"/>
</kw>
<kw name="Select Radio Button" library="SeleniumLibrary">
<arg>Gender</arg>
<arg>M</arg>
<doc>Sets the radio button group ``group_name`` to ``value``.</doc>
<status status="NOT RUN" starttime="20230131 07:19:31.662" endtime="20230131 07:19:31.663"/>
</kw>
<kw name="Input Text" library="SeleniumLibrary">
<arg>name:FirstName</arg>
<arg>David</arg>
<doc>Types the given ``text`` into the text field identified by ``locator``.</doc>
<status status="NOT RUN" starttime="20230131 07:19:31.663" endtime="20230131 07:19:31.664"/>
</kw>
<kw name="Input Text" library="SeleniumLibrary">
<arg>name:LastName</arg>
<arg>John</arg>
<doc>Types the given ``text`` into the text field identified by ``locator``.</doc>
<status status="NOT RUN" starttime="20230131 07:19:31.664" endtime="20230131 07:19:31.665"/>
</kw>
<kw name="Input Text" library="SeleniumLibrary">
<arg>name:Email</arg>
<arg>eg@gmail.com</arg>
<doc>Types the given ``text`` into the text field identified by ``locator``.</doc>
<status status="NOT RUN" starttime="20230131 07:19:31.666" endtime="20230131 07:19:31.666"/>
</kw>
<kw name="Input Text" library="SeleniumLibrary">
<arg>name:Password</arg>
<arg>davidjohn</arg>
<doc>Types the given ``text`` into the text field identified by ``locator``.</doc>
<status status="NOT RUN" starttime="20230131 07:19:31.667" endtime="20230131 07:19:31.668"/>
</kw>
<kw name="Input Text" library="SeleniumLibrary">
<arg>name:ConfirmPassword</arg>
<arg>davidjohn</arg>
<doc>Types the given ``text`` into the text field identified by ``locator``.</doc>
<status status="NOT RUN" starttime="20230131 07:19:31.668" endtime="20230131 07:19:31.668"/>
</kw>
<status status="FAIL" starttime="20230131 07:19:13.067" endtime="20230131 07:19:31.669">Text 'Registration' did not appear in 10 seconds.</status>
</test>
<status status="FAIL" starttime="20230131 07:19:11.682" endtime="20230131 07:19:31.671"/>
</suite>
<statistics>
<total>
<stat pass="0" fail="1" skip="0">All Tests</stat>
</total>
<tag>
</tag>
<suite>
<stat pass="0" fail="1" skip="0" id="s1" name="TimeOutTest">TimeOutTest</stat>
</suite>
</statistics>
<errors>
</errors>
</robot>
