<?xml version="1.0" encoding="UTF-8"?>
<robot generator="Robot 6.0.2 (Python 3.11.1 on win32)" generated="20230130 16:36:58.263" rpa="false" schemaversion="3">
<suite id="s1" name="TC001" source="C:\Users\lua-b\OneDrive\Área de Trabalho\Robot\TestCases\TC001.robot">
<test id="s1-t1" name="LoginTest" line="9">
<kw name="Open Browser" library="SeleniumLibrary">
<arg>${url}</arg>
<arg>${browser}</arg>
<doc>Opens a new browser instance to the optional ``url``.</doc>
<msg timestamp="20230130 16:36:59.088" level="INFO">Opening browser 'chrome' to base url 'https://demo.nopcommerce.com/'.</msg>
<status status="PASS" starttime="20230130 16:36:59.086" endtime="20230130 16:37:05.354"/>
</kw>
<kw name="loginToApplication">
<kw name="Click Link" library="SeleniumLibrary">
<arg>xpath://a[@class='ico-login']</arg>
<doc>Clicks a link identified by ``locator``.</doc>
<msg timestamp="20230130 16:37:05.357" level="INFO">Clicking link 'xpath://a[@class='ico-login']'.</msg>
<status status="PASS" starttime="20230130 16:37:05.356" endtime="20230130 16:37:06.865"/>
</kw>
<kw name="Input Text" library="SeleniumLibrary">
<arg>id:Email</arg>
<arg>pavanoltraininig@gmail.com</arg>
<doc>Types the given ``text`` into the text field identified by ``locator``.</doc>
<msg timestamp="20230130 16:37:06.868" level="INFO">Typing text 'pavanoltraininig@gmail.com' into text field 'id:Email'.</msg>
<status status="PASS" starttime="20230130 16:37:06.866" endtime="20230130 16:37:07.580"/>
</kw>
<kw name="Input Text" library="SeleniumLibrary">
<arg>id:Password</arg>
<arg>Test@123</arg>
<doc>Types the given ``text`` into the text field identified by ``locator``.</doc>
<msg timestamp="20230130 16:37:07.583" level="INFO">Typing text 'Test@123' into text field 'id:Password'.</msg>
<status status="PASS" starttime="20230130 16:37:07.581" endtime="20230130 16:37:08.035"/>
</kw>
<kw name="Click Element" library="SeleniumLibrary">
<arg>xpath:(//button[@type='submit'])[2]</arg>
<doc>Click the element identified by ``locator``.</doc>
<msg timestamp="20230130 16:37:08.037" level="INFO">Clicking element 'xpath:(//button[@type='submit'])[2]'.</msg>
<status status="PASS" starttime="20230130 16:37:08.036" endtime="20230130 16:37:09.091"/>
</kw>
<status status="PASS" starttime="20230130 16:37:05.355" endtime="20230130 16:37:09.092"/>
</kw>
<kw name="Close Browser" library="SeleniumLibrary">
<doc>Closes the current browser.</doc>
<status status="PASS" starttime="20230130 16:37:09.092" endtime="20230130 16:37:11.736"/>
</kw>
<status status="PASS" starttime="20230130 16:36:59.082" endtime="20230130 16:37:11.737"/>
</test>
<status status="PASS" starttime="20230130 16:36:58.269" endtime="20230130 16:37:11.739"/>
</suite>
<statistics>
<total>
<stat pass="1" fail="0" skip="0">All Tests</stat>
</total>
<tag>
</tag>
<suite>
<stat pass="1" fail="0" skip="0" id="s1" name="TC001">TC001</stat>
</suite>
</statistics>
<errors>
</errors>
</robot>
