<?xml version="1.0" encoding="UTF-8"?>
<robot generator="Robot 6.0.2 (Python 3.11.1 on win32)" generated="20230131 05:57:39.091" rpa="false" schemaversion="3">
<suite id="s1" name="DropDowns" source="C:\Users\lua-b\OneDrive\Área de Trabalho\Robot\TestCases\DropDowns.robot">
<test id="s1-t1" name="HandlingDropDownsAndLists" line="9">
<kw name="Open Browser" library="SeleniumLibrary">
<arg>${url}</arg>
<arg>${browser}</arg>
<doc>Opens a new browser instance to the optional ``url``.</doc>
<msg timestamp="20230131 05:57:39.619" level="INFO">Opening browser 'chrome' to base url 'https://demo.seleniumeasy.com/basic-select-dropdown-demo.html'.</msg>
<status status="PASS" starttime="20230131 05:57:39.618" endtime="20230131 05:57:45.694"/>
</kw>
<kw name="Maximize Browser Window" library="SeleniumLibrary">
<doc>Maximizes current browser window.</doc>
<status status="PASS" starttime="20230131 05:57:45.695" endtime="20230131 05:57:45.831"/>
</kw>
<kw name="Select From List By Label" library="SeleniumLibrary">
<arg>select-demo</arg>
<arg>Sunday</arg>
<doc>Selects options from selection list ``locator`` by ``labels``.</doc>
<msg timestamp="20230131 05:57:45.833" level="INFO">Selecting options from selection list 'select-demo' by label Sunday.</msg>
<status status="PASS" starttime="20230131 05:57:45.831" endtime="20230131 05:57:46.081"/>
</kw>
<kw name="Sleep" library="BuiltIn">
<arg>3</arg>
<doc>Pauses the test executed for the given time.</doc>
<msg timestamp="20230131 05:57:49.084" level="INFO">Slept 3 seconds</msg>
<status status="PASS" starttime="20230131 05:57:46.082" endtime="20230131 05:57:49.084"/>
</kw>
<kw name="Select From List By Index" library="SeleniumLibrary">
<arg>select-demo</arg>
<arg>3</arg>
<doc>Selects options from selection list ``locator`` by ``indexes``.</doc>
<msg timestamp="20230131 05:57:49.087" level="INFO">Selecting options from selection list 'select-demo' by index 3.</msg>
<status status="PASS" starttime="20230131 05:57:49.085" endtime="20230131 05:57:49.317"/>
</kw>
<kw name="Select From List By Index" library="SeleniumLibrary">
<arg>multi-select</arg>
<arg>4</arg>
<doc>Selects options from selection list ``locator`` by ``indexes``.</doc>
<msg timestamp="20230131 05:57:49.320" level="INFO">Selecting options from selection list 'multi-select' by index 4.</msg>
<status status="PASS" starttime="20230131 05:57:49.318" endtime="20230131 05:57:49.536"/>
</kw>
<kw name="Close Browser" library="SeleniumLibrary">
<doc>Closes the current browser.</doc>
<status status="PASS" starttime="20230131 05:57:49.537" endtime="20230131 05:57:51.956"/>
</kw>
<status status="PASS" starttime="20230131 05:57:39.616" endtime="20230131 05:57:51.957"/>
</test>
<status status="PASS" starttime="20230131 05:57:39.096" endtime="20230131 05:57:51.958"/>
</suite>
<statistics>
<total>
<stat pass="1" fail="0" skip="0">All Tests</stat>
</total>
<tag>
</tag>
<suite>
<stat pass="1" fail="0" skip="0" id="s1" name="DropDowns">DropDowns</stat>
</suite>
</statistics>
<errors>
</errors>
</robot>
