<?xml version="1.0" encoding="UTF-8"?>
<robot generator="Robot 6.0.2 (Python 3.11.1 on win32)" generated="20230203 17:53:37.436" rpa="false" schemaversion="3">
<suite id="s1" name="GetAllLinks" source="C:\Users\lua-b\OneDrive\Área de Trabalho\Robot\TestCases\GetAllLinks.robot">
<test id="s1-t1" name="GetAllLinks" line="5">
<kw name="Open Browser" library="SeleniumLibrary">
<arg>https://developers.google.com/style/link-text</arg>
<arg>chrome</arg>
<doc>Opens a new browser instance to the optional ``url``.</doc>
<msg timestamp="20230203 17:53:38.668" level="INFO">Opening browser 'chrome' to base url 'https://developers.google.com/style/link-text'.</msg>
<status status="PASS" starttime="20230203 17:53:38.665" endtime="20230203 17:53:48.042"/>
</kw>
<kw name="Maximize Browser Window" library="SeleniumLibrary">
<doc>Maximizes current browser window.</doc>
<status status="PASS" starttime="20230203 17:53:48.043" endtime="20230203 17:53:48.367"/>
</kw>
<kw name="Get Element Count" library="SeleniumLibrary">
<var>${AllLinksCount}</var>
<arg>xpath://a</arg>
<doc>Returns the number of elements matching ``locator``.</doc>
<msg timestamp="20230203 17:53:48.539" level="INFO">${AllLinksCount} = 169</msg>
<status status="PASS" starttime="20230203 17:53:48.367" endtime="20230203 17:53:48.539"/>
</kw>
<kw name="Log To Console" library="BuiltIn">
<arg>${AllLinksCount}</arg>
<doc>Logs the given message to the console.</doc>
<status status="PASS" starttime="20230203 17:53:48.540" endtime="20230203 17:53:48.543"/>
</kw>
<kw name="Create List" library="BuiltIn">
<var>@{LinkItems}</var>
<doc>Returns a list containing given items.</doc>
<msg timestamp="20230203 17:53:48.546" level="INFO">@{LinkItems} = [ ]</msg>
<status status="PASS" starttime="20230203 17:53:48.544" endtime="20230203 17:53:48.546"/>
</kw>
<for flavor="IN RANGE">
<var>${i}</var>
<value>1</value>
<value>${AllLinksCount}</value>
<iter>
<var name="${i}">1</var>
<kw name="Get Text" library="SeleniumLibrary">
<var>${LinkText}</var>
<arg>xpath:(//a)[${i}]</arg>
<doc>Returns the text value of the element identified by ``locator``.</doc>
<msg timestamp="20230203 17:53:48.844" level="INFO">${LinkText} = </msg>
<status status="PASS" starttime="20230203 17:53:48.550" endtime="20230203 17:53:48.844"/>
</kw>
<kw name="Log" library="BuiltIn">
<arg>${LinkText}</arg>
<doc>Logs the given message with the given level.</doc>
<msg timestamp="20230203 17:53:48.846" level="INFO"/>
<status status="PASS" starttime="20230203 17:53:48.845" endtime="20230203 17:53:48.846"/>
</kw>
<status status="PASS" starttime="20230203 17:53:48.549" endtime="20230203 17:53:48.847"/>
</iter>
<iter>
<var name="${i}">2</var>
<kw name="Get Text" library="SeleniumLibrary">
<var>${LinkText}</var>
<arg>xpath:(//a)[${i}]</arg>
<doc>Returns the text value of the element identified by ``locator``.</doc>
<msg timestamp="20230203 17:53:49.275" level="INFO">${LinkText} = developer documentation style guide</msg>
<status status="PASS" starttime="20230203 17:53:48.848" endtime="20230203 17:53:49.275"/>
</kw>
<kw name="Log" library="BuiltIn">
<arg>${LinkText}</arg>
<doc>Logs the given message with the given level.</doc>
<msg timestamp="20230203 17:53:49.277" level="INFO">developer documentation style guide</msg>
<status status="PASS" starttime="20230203 17:53:49.276" endtime="20230203 17:53:49.277"/>
</kw>
<status status="PASS" starttime="20230203 17:53:48.847" endtime="20230203 17:53:49.277"/>
</iter>
<iter>
<var name="${i}">3</var>
<kw name="Get Text" library="SeleniumLibrary">
<var>${LinkText}</var>
<arg>xpath:(//a)[${i}]</arg>
<doc>Returns the text value of the element identified by ``locator``.</doc>
<msg timestamp="20230203 17:53:49.379" level="INFO">${LinkText} = </msg>
<status status="PASS" starttime="20230203 17:53:49.279" endtime="20230203 17:53:49.379"/>
</kw>
<kw name="Log" library="BuiltIn">
<arg>${LinkText}</arg>
<doc>Logs the given message with the given level.</doc>
<msg timestamp="20230203 17:53:49.380" level="INFO"/>
<status status="PASS" starttime="20230203 17:53:49.379" endtime="20230203 17:53:49.380"/>
</kw>
<status status="PASS" starttime="20230203 17:53:49.278" endtime="20230203 17:53:49.381"/>
</iter>
<iter>
<var name="${i}">4</var>
<kw name="Get Text" library="SeleniumLibrary">
<var>${LinkText}</var>
<arg>xpath:(//a)[${i}]</arg>
<doc>Returns the text value of the element identified by ``locator``.</doc>
<msg timestamp="20230203 17:53:49.459" level="INFO">${LinkText} = </msg>
<status status="PASS" starttime="20230203 17:53:49.381" endtime="20230203 17:53:49.460"/>
</kw>
<kw name="Log" library="BuiltIn">
<arg>${LinkText}</arg>
<doc>Logs the given message with the given level.</doc>
<msg timestamp="20230203 17:53:49.461" level="INFO"/>
<status status="PASS" starttime="20230203 17:53:49.460" endtime="20230203 17:53:49.461"/>
</kw>
<status status="PASS" starttime="20230203 17:53:49.381" endtime="20230203 17:53:49.461"/>
</iter>
<iter>
<var name="${i}">5</var>
<kw name="Get Text" library="SeleniumLibrary">
<var>${LinkText}</var>
<arg>xpath:(//a)[${i}]</arg>
<doc>Returns the text value of the element identified by ``locator``.</doc>
<msg timestamp="20230203 17:53:49.552" level="INFO">${LinkText} = </msg>
<status status="PASS" starttime="20230203 17:53:49.462" endtime="20230203 17:53:49.553"/>
</kw>
<kw name="Log" library="BuiltIn">
<arg>${LinkText}</arg>
<doc>Logs the given message with the given level.</doc>
<msg timestamp="20230203 17:53:49.555" level="INFO"/>
<status status="PASS" starttime="20230203 17:53:49.554" endtime="20230203 17:53:49.556"/>
</kw>
<status status="PASS" starttime="20230203 17:53:49.462" endtime="20230203 17:53:49.556"/>
</iter>
<iter>
<var name="${i}">6</var>
<kw name="Get Text" library="SeleniumLibrary">
<var>${LinkText}</var>
<arg>xpath:(//a)[${i}]</arg>
<doc>Returns the text value of the element identified by ``locator``.</doc>
<msg timestamp="20230203 17:53:49.626" level="INFO">${LinkText} = </msg>
<status status="PASS" starttime="20230203 17:53:49.558" endtime="20230203 17:53:49.627"/>
</kw>
<kw name="Log" library="BuiltIn">
<arg>${LinkText}</arg>
<doc>Logs the given message with the given level.</doc>
<msg timestamp="20230203 17:53:49.629" level="INFO"/>
<status status="PASS" starttime="20230203 17:53:49.627" endtime="20230203 17:53:49.630"/>
</kw>
<status status="PASS" starttime="20230203 17:53:49.557" endtime="20230203 17:53:49.631"/>
</iter>
<iter>
<var name="${i}">7</var>
<kw name="Get Text" library="SeleniumLibrary">
<var>${LinkText}</var>
<arg>xpath:(//a)[${i}]</arg>
<doc>Returns the text value of the element identified by ``locator``.</doc>
<msg timestamp="20230203 17:53:49.703" level="INFO">${LinkText} = </msg>
<status status="PASS" starttime="20230203 17:53:49.633" endtime="20230203 17:53:49.704"/>
</kw>
<kw name="Log" library="BuiltIn">
<arg>${LinkText}</arg>
<doc>Logs the given message with the given level.</doc>
<msg timestamp="20230203 17:53:49.705" level="INFO"/>
<status status="PASS" starttime="20230203 17:53:49.704" endtime="20230203 17:53:49.705"/>
</kw>
<status status="PASS" starttime="20230203 17:53:49.632" endtime="20230203 17:53:49.705"/>
</iter>
<iter>
<var name="${i}">8</var>
<kw name="Get Text" library="SeleniumLibrary">
<var>${LinkText}</var>
<arg>xpath:(//a)[${i}]</arg>
<doc>Returns the text value of the element identified by ``locator``.</doc>
<msg timestamp="20230203 17:53:49.790" level="INFO">${LinkText} = </msg>
<status status="PASS" starttime="20230203 17:53:49.706" endtime="20230203 17:53:49.790"/>
</kw>
<kw name="Log" library="BuiltIn">
<arg>${LinkText}</arg>
<doc>Logs the given message with the given level.</doc>
<msg timestamp="20230203 17:53:49.792" level="INFO"/>
<status status="PASS" starttime="20230203 17:53:49.791" endtime="20230203 17:53:49.792"/>
</kw>
<status status="PASS" starttime="20230203 17:53:49.706" endtime="20230203 17:53:49.793"/>
</iter>
<iter>
<var name="${i}">9</var>
<kw name="Get Text" library="SeleniumLibrary">
<var>${LinkText}</var>
<arg>xpath:(//a)[${i}]</arg>
<doc>Returns the text value of the element identified by ``locator``.</doc>
<msg timestamp="20230203 17:53:49.888" level="INFO">${LinkText} = </msg>
<status status="PASS" starttime="20230203 17:53:49.796" endtime="20230203 17:53:49.888"/>
</kw>
<kw name="Log" library="BuiltIn">
<arg>${LinkText}</arg>
<doc>Logs the given message with the given level.</doc>
<msg timestamp="20230203 17:53:49.890" level="INFO"/>
<status status="PASS" starttime="20230203 17:53:49.889" endtime="20230203 17:53:49.890"/>
</kw>
<status status="PASS" starttime="20230203 17:53:49.794" endtime="20230203 17:53:49.890"/>
</iter>
<iter>
<var name="${i}">10</var>
<kw name="Get Text" library="SeleniumLibrary">
<var>${LinkText}</var>
<arg>xpath:(//a)[${i}]</arg>
<doc>Returns the text value of the element identified by ``locator``.</doc>
<msg timestamp="20230203 17:53:50.042" level="INFO">${LinkText} = </msg>
<status status="PASS" starttime="20230203 17:53:49.892" endtime="20230203 17:53:50.042"/>
</kw>
<kw name="Log" library="BuiltIn">
<arg>${LinkText}</arg>
<doc>Logs the given message with the given level.</doc>
<msg timestamp="20230203 17:53:50.043" level="INFO"/>
<status status="PASS" starttime="20230203 17:53:50.043" endtime="20230203 17:53:50.043"/>
</kw>
<status status="PASS" starttime="20230203 17:53:49.891" endtime="20230203 17:53:50.044"/>
</iter>
<iter>
<var name="${i}">11</var>
<kw name="Get Text" library="SeleniumLibrary">
<var>${LinkText}</var>
<arg>xpath:(//a)[${i}]</arg>
<doc>Returns the text value of the element identified by ``locator``.</doc>
<msg timestamp="20230203 17:53:50.123" level="INFO">${LinkText} = </msg>
<status status="PASS" starttime="20230203 17:53:50.045" endtime="20230203 17:53:50.123"/>
</kw>
<kw name="Log" library="BuiltIn">
<arg>${LinkText}</arg>
<doc>Logs the given message with the given level.</doc>
<msg timestamp="20230203 17:53:50.125" level="INFO"/>
<status status="PASS" starttime="20230203 17:53:50.124" endtime="20230203 17:53:50.125"/>
</kw>
<status status="PASS" starttime="20230203 17:53:50.044" endtime="20230203 17:53:50.126"/>
</iter>
<iter>
<var name="${i}">12</var>
<kw name="Get Text" library="SeleniumLibrary">
<var>${LinkText}</var>
<arg>xpath:(//a)[${i}]</arg>
<doc>Returns the text value of the element identified by ``locator``.</doc>
<msg timestamp="20230203 17:53:50.193" level="INFO">${LinkText} = </msg>
<status status="PASS" starttime="20230203 17:53:50.127" endtime="20230203 17:53:50.193"/>
</kw>
<kw name="Log" library="BuiltIn">
<arg>${LinkText}</arg>
<doc>Logs the given message with the given level.</doc>
<msg timestamp="20230203 17:53:50.195" level="INFO"/>
<status status="PASS" starttime="20230203 17:53:50.194" endtime="20230203 17:53:50.196"/>
</kw>
<status status="PASS" starttime="20230203 17:53:50.126" endtime="20230203 17:53:50.196"/>
</iter>
<iter>
<var name="${i}">13</var>
<kw name="Get Text" library="SeleniumLibrary">
<var>${LinkText}</var>
<arg>xpath:(//a)[${i}]</arg>
<doc>Returns the text value of the element identified by ``locator``.</doc>
<msg timestamp="20230203 17:53:50.336" level="INFO">${LinkText} = Fazer login</msg>
<status status="PASS" starttime="20230203 17:53:50.198" endtime="20230203 17:53:50.337"/>
</kw>
<kw name="Log" library="BuiltIn">
<arg>${LinkText}</arg>
<doc>Logs the given message with the given level.</doc>
<msg timestamp="20230203 17:53:50.339" level="INFO">Fazer login</msg>
<status status="PASS" starttime="20230203 17:53:50.338" endtime="20230203 17:53:50.340"/>
</kw>
<status status="PASS" starttime="20230203 17:53:50.197" endtime="20230203 17:53:50.340"/>
</iter>
<iter>
<var name="${i}">14</var>
<kw name="Get Text" library="SeleniumLibrary">
<var>${LinkText}</var>
<arg>xpath:(//a)[${i}]</arg>
<doc>Returns the text value of the element identified by ``locator``.</doc>
<msg timestamp="20230203 17:53:50.437" level="INFO">${LinkText} = </msg>
<status status="PASS" starttime="20230203 17:53:50.341" endtime="20230203 17:53:50.438"/>
</kw>
<kw name="Log" library="BuiltIn">
<arg>${LinkText}</arg>
<doc>Logs the given message with the given level.</doc>
<msg timestamp="20230203 17:53:50.440" level="INFO"/>
<status status="PASS" starttime="20230203 17:53:50.439" endtime="20230203 17:53:50.440"/>
</kw>
<status status="PASS" starttime="20230203 17:53:50.341" endtime="20230203 17:53:50.441"/>
</iter>
<iter>
<var name="${i}">15</var>
<kw name="Get Text" library="SeleniumLibrary">
<var>${LinkText}</var>
<arg>xpath:(//a)[${i}]</arg>
<doc>Returns the text value of the element identified by ``locator``.</doc>
<msg timestamp="20230203 17:53:50.518" level="INFO">${LinkText} = </msg>
<status status="PASS" starttime="20230203 17:53:50.443" endtime="20230203 17:53:50.518"/>
</kw>
<kw name="Log" library="BuiltIn">
<arg>${LinkText}</arg>
<doc>Logs the given message with the given level.</doc>
<msg timestamp="20230203 17:53:50.521" level="INFO"/>
<status status="PASS" starttime="20230203 17:53:50.519" endtime="20230203 17:53:50.521"/>
</kw>
<status status="PASS" starttime="20230203 17:53:50.442" endtime="20230203 17:53:50.522"/>
</iter>
<iter>
<var name="${i}">16</var>
<kw name="Get Text" library="SeleniumLibrary">
<var>${LinkText}</var>
<arg>xpath:(//a)[${i}]</arg>
<doc>Returns the text value of the element identified by ``locator``.</doc>
<msg timestamp="20230203 17:53:50.612" level="INFO">${LinkText} = </msg>
<status status="PASS" starttime="20230203 17:53:50.524" endtime="20230203 17:53:50.612"/>
</kw>
<kw name="Log" library="BuiltIn">
<arg>${LinkText}</arg>
<doc>Logs the given message with the given level.</doc>
<msg timestamp="20230203 17:53:50.615" level="INFO"/>
<status status="PASS" starttime="20230203 17:53:50.614" endtime="20230203 17:53:50.615"/>
</kw>
<status status="PASS" starttime="20230203 17:53:50.523" endtime="20230203 17:53:50.616"/>
</iter>
<iter>
<var name="${i}">17</var>
<kw name="Get Text" library="SeleniumLibrary">
<var>${LinkText}</var>
<arg>xpath:(//a)[${i}]</arg>
<doc>Returns the text value of the element identified by ``locator``.</doc>
<msg timestamp="20230203 17:53:50.702" level="INFO">${LinkText} = About this guide</msg>
<status status="PASS" starttime="20230203 17:53:50.617" endtime="20230203 17:53:50.702"/>
</kw>
<kw name="Log" library="BuiltIn">
<arg>${LinkText}</arg>
<doc>Logs the given message with the given level.</doc>
<msg timestamp="20230203 17:53:50.704" level="INFO">About this guide</msg>
<status status="PASS" starttime="20230203 17:53:50.703" endtime="20230203 17:53:50.705"/>
</kw>
<status status="PASS" starttime="20230203 17:53:50.616" endtime="20230203 17:53:50.705"/>
</iter>
<iter>
<var name="${i}">18</var>
<kw name="Get Text" library="SeleniumLibrary">
<var>${LinkText}</var>
<arg>xpath:(//a)[${i}]</arg>
<doc>Returns the text value of the element identified by ``locator``.</doc>
<msg timestamp="20230203 17:53:50.790" level="INFO">${LinkText} = Highlights</msg>
<status status="PASS" starttime="20230203 17:53:50.706" endtime="20230203 17:53:50.790"/>
</kw>
<kw name="Log" library="BuiltIn">
<arg>${LinkText}</arg>
<doc>Logs the given message with the given level.</doc>
<msg timestamp="20230203 17:53:50.792" level="INFO">Highlights</msg>
<status status="PASS" starttime="20230203 17:53:50.791" endtime="20230203 17:53:50.792"/>
</kw>
<status status="PASS" starttime="20230203 17:53:50.706" endtime="20230203 17:53:50.792"/>
</iter>
<iter>
<var name="${i}">19</var>
<kw name="Get Text" library="SeleniumLibrary">
<var>${LinkText}</var>
<arg>xpath:(//a)[${i}]</arg>
<doc>Returns the text value of the element identified by ``locator``.</doc>
<msg timestamp="20230203 17:53:50.881" level="INFO">${LinkText} = What's new</msg>
<status status="PASS" starttime="20230203 17:53:50.793" endtime="20230203 17:53:50.881"/>
</kw>
<kw name="Log" library="BuiltIn">
<arg>${LinkText}</arg>
<doc>Logs the given message with the given level.</doc>
<msg timestamp="20230203 17:53:50.883" level="INFO">What's new</msg>
<status status="PASS" starttime="20230203 17:53:50.882" endtime="20230203 17:53:50.883"/>
</kw>
<status status="PASS" starttime="20230203 17:53:50.793" endtime="20230203 17:53:50.884"/>
</iter>
<iter>
<var name="${i}">20</var>
<kw name="Get Text" library="SeleniumLibrary">
<var>${LinkText}</var>
<arg>xpath:(//a)[${i}]</arg>
<doc>Returns the text value of the element identified by ``locator``.</doc>
<msg timestamp="20230203 17:53:50.961" level="INFO">${LinkText} = Philosophy of this guide</msg>
<status status="PASS" starttime="20230203 17:53:50.886" endtime="20230203 17:53:50.961"/>
</kw>
<kw name="Log" library="BuiltIn">
<arg>${LinkText}</arg>
<doc>Logs the given message with the given level.</doc>
<msg timestamp="20230203 17:53:50.962" level="INFO">Philosophy of this guide</msg>
<status status="PASS" starttime="20230203 17:53:50.962" endtime="20230203 17:53:50.962"/>
</kw>
<status status="PASS" starttime="20230203 17:53:50.885" endtime="20230203 17:53:50.963"/>
</iter>
<iter>
<var name="${i}">21</var>
<kw name="Get Text" library="SeleniumLibrary">
<var>${LinkText}</var>
<arg>xpath:(//a)[${i}]</arg>
<doc>Returns the text value of the element identified by ``locator``.</doc>
<msg timestamp="20230203 17:53:51.045" level="INFO">${LinkText} = Word list</msg>
<status status="PASS" starttime="20230203 17:53:50.964" endtime="20230203 17:53:51.045"/>
</kw>
<kw name="Log" library="BuiltIn">
<arg>${LinkText}</arg>
<doc>Logs the given message with the given level.</doc>
<msg timestamp="20230203 17:53:51.047" level="INFO">Word list</msg>
<status status="PASS" starttime="20230203 17:53:51.046" endtime="20230203 17:53:51.048"/>
</kw>
<status status="PASS" starttime="20230203 17:53:50.963" endtime="20230203 17:53:51.049"/>
</iter>
<iter>
<var name="${i}">22</var>
<kw name="Get Text" library="SeleniumLibrary">
<var>${LinkText}</var>
<arg>xpath:(//a)[${i}]</arg>
<doc>Returns the text value of the element identified by ``locator``.</doc>
<msg timestamp="20230203 17:53:51.131" level="INFO">${LinkText} = Product names</msg>
<status status="PASS" starttime="20230203 17:53:51.051" endtime="20230203 17:53:51.132"/>
</kw>
<kw name="Log" library="BuiltIn">
<arg>${LinkText}</arg>
<doc>Logs the given message with the given level.</doc>
<msg timestamp="20230203 17:53:51.133" level="INFO">Product names</msg>
<status status="PASS" starttime="20230203 17:53:51.132" endtime="20230203 17:53:51.140"/>
</kw>
<status status="PASS" starttime="20230203 17:53:51.050" endtime="20230203 17:53:51.140"/>
</iter>
<iter>
<var name="${i}">23</var>
<kw name="Get Text" library="SeleniumLibrary">
<var>${LinkText}</var>
<arg>xpath:(//a)[${i}]</arg>
<doc>Returns the text value of the element identified by ``locator``.</doc>
<msg timestamp="20230203 17:53:51.243" level="INFO">${LinkText} = Text-formatting summary</msg>
<status status="PASS" starttime="20230203 17:53:51.143" endtime="20230203 17:53:51.243"/>
</kw>
<kw name="Log" library="BuiltIn">
<arg>${LinkText}</arg>
<doc>Logs the given message with the given level.</doc>
<msg timestamp="20230203 17:53:51.246" level="INFO">Text-formatting summary</msg>
<status status="PASS" starttime="20230203 17:53:51.244" endtime="20230203 17:53:51.246"/>
</kw>
<status status="PASS" starttime="20230203 17:53:51.141" endtime="20230203 17:53:51.247"/>
</iter>
<iter>
<var name="${i}">24</var>
<kw name="Get Text" library="SeleniumLibrary">
<var>${LinkText}</var>
<arg>xpath:(//a)[${i}]</arg>
<doc>Returns the text value of the element identified by ``locator``.</doc>
<msg timestamp="20230203 17:53:51.357" level="INFO">${LinkText} = Accessibility</msg>
<status status="PASS" starttime="20230203 17:53:51.249" endtime="20230203 17:53:51.358"/>
</kw>
<kw name="Log" library="BuiltIn">
<arg>${LinkText}</arg>
<doc>Logs the given message with the given level.</doc>
<msg timestamp="20230203 17:53:51.360" level="INFO">Accessibility</msg>
<status status="PASS" starttime="20230203 17:53:51.359" endtime="20230203 17:53:51.361"/>
</kw>
<status status="PASS" starttime="20230203 17:53:51.248" endtime="20230203 17:53:51.362"/>
</iter>
<iter>
<var name="${i}">25</var>
<kw name="Get Text" library="SeleniumLibrary">
<var>${LinkText}</var>
<arg>xpath:(//a)[${i}]</arg>
<doc>Returns the text value of the element identified by ``locator``.</doc>
<msg timestamp="20230203 17:53:51.438" level="INFO">${LinkText} = Excessive claims</msg>
<status status="PASS" starttime="20230203 17:53:51.363" endtime="20230203 17:53:51.438"/>
</kw>
<kw name="Log" library="BuiltIn">
<arg>${LinkText}</arg>
<doc>Logs the given message with the given level.</doc>
<msg timestamp="20230203 17:53:51.441" level="INFO">Excessive claims</msg>
<status status="PASS" starttime="20230203 17:53:51.439" endtime="20230203 17:53:51.441"/>
</kw>
<status status="PASS" starttime="20230203 17:53:51.362" endtime="20230203 17:53:51.442"/>
</iter>
<iter>
<var name="${i}">26</var>
<kw name="Get Text" library="SeleniumLibrary">
<var>${LinkText}</var>
<arg>xpath:(//a)[${i}]</arg>
<doc>Returns the text value of the element identified by ``locator``.</doc>
<msg timestamp="20230203 17:53:51.533" level="INFO">${LinkText} = Future features</msg>
<status status="PASS" starttime="20230203 17:53:51.444" endtime="20230203 17:53:51.533"/>
</kw>
<kw name="Log" library="BuiltIn">
<arg>${LinkText}</arg>
<doc>Logs the given message with the given level.</doc>
<msg timestamp="20230203 17:53:51.535" level="INFO">Future features</msg>
<status status="PASS" starttime="20230203 17:53:51.534" endtime="20230203 17:53:51.535"/>
</kw>
<status status="PASS" starttime="20230203 17:53:51.443" endtime="20230203 17:53:51.535"/>
</iter>
<iter>
<var name="${i}">27</var>
<kw name="Get Text" library="SeleniumLibrary">
<var>${LinkText}</var>
<arg>xpath:(//a)[${i}]</arg>
<doc>Returns the text value of the element identified by ``locator``.</doc>
<msg timestamp="20230203 17:53:51.654" level="INFO">${LinkText} = Global audience</msg>
<status status="PASS" starttime="20230203 17:53:51.536" endtime="20230203 17:53:51.654"/>
</kw>
<kw name="Log" library="BuiltIn">
<arg>${LinkText}</arg>
<doc>Logs the given message with the given level.</doc>
<msg timestamp="20230203 17:53:51.656" level="INFO">Global audience</msg>
<status status="PASS" starttime="20230203 17:53:51.655" endtime="20230203 17:53:51.657"/>
</kw>
<status status="PASS" starttime="20230203 17:53:51.535" endtime="20230203 17:53:51.657"/>
</iter>
<iter>
<var name="${i}">28</var>
<kw name="Get Text" library="SeleniumLibrary">
<var>${LinkText}</var>
<arg>xpath:(//a)[${i}]</arg>
<doc>Returns the text value of the element identified by ``locator``.</doc>
<msg timestamp="20230203 17:53:51.750" level="INFO">${LinkText} = Inclusive language</msg>
<status status="PASS" starttime="20230203 17:53:51.659" endtime="20230203 17:53:51.750"/>
</kw>
<kw name="Log" library="BuiltIn">
<arg>${LinkText}</arg>
<doc>Logs the given message with the given level.</doc>
<msg timestamp="20230203 17:53:51.752" level="INFO">Inclusive language</msg>
<status status="PASS" starttime="20230203 17:53:51.751" endtime="20230203 17:53:51.752"/>
</kw>
<status status="PASS" starttime="20230203 17:53:51.658" endtime="20230203 17:53:51.753"/>
</iter>
<iter>
<var name="${i}">29</var>
<kw name="Get Text" library="SeleniumLibrary">
<var>${LinkText}</var>
<arg>xpath:(//a)[${i}]</arg>
<doc>Returns the text value of the element identified by ``locator``.</doc>
<msg timestamp="20230203 17:53:51.825" level="INFO">${LinkText} = Jargon</msg>
<status status="PASS" starttime="20230203 17:53:51.754" endtime="20230203 17:53:51.826"/>
</kw>
<kw name="Log" library="BuiltIn">
<arg>${LinkText}</arg>
<doc>Logs the given message with the given level.</doc>
<msg timestamp="20230203 17:53:51.827" level="INFO">Jargon</msg>
<status status="PASS" starttime="20230203 17:53:51.826" endtime="20230203 17:53:51.827"/>
</kw>
<status status="PASS" starttime="20230203 17:53:51.753" endtime="20230203 17:53:51.827"/>
</iter>
<iter>
<var name="${i}">30</var>
<kw name="Get Text" library="SeleniumLibrary">
<var>${LinkText}</var>
<arg>xpath:(//a)[${i}]</arg>
<doc>Returns the text value of the element identified by ``locator``.</doc>
<msg timestamp="20230203 17:53:51.940" level="INFO">${LinkText} = Third-party content</msg>
<status status="PASS" starttime="20230203 17:53:51.828" endtime="20230203 17:53:51.941"/>
</kw>
<kw name="Log" library="BuiltIn">
<arg>${LinkText}</arg>
<doc>Logs the given message with the given level.</doc>
<msg timestamp="20230203 17:53:51.942" level="INFO">Third-party content</msg>
<status status="PASS" starttime="20230203 17:53:51.941" endtime="20230203 17:53:51.943"/>
</kw>
<status status="PASS" starttime="20230203 17:53:51.828" endtime="20230203 17:53:51.943"/>
</iter>
<iter>
<var name="${i}">31</var>
<kw name="Get Text" library="SeleniumLibrary">
<var>${LinkText}</var>
<arg>xpath:(//a)[${i}]</arg>
<doc>Returns the text value of the element identified by ``locator``.</doc>
<msg timestamp="20230203 17:53:52.043" level="INFO">${LinkText} = Timeless documentation</msg>
<status status="PASS" starttime="20230203 17:53:51.945" endtime="20230203 17:53:52.043"/>
</kw>
<kw name="Log" library="BuiltIn">
<arg>${LinkText}</arg>
<doc>Logs the given message with the given level.</doc>
<msg timestamp="20230203 17:53:52.045" level="INFO">Timeless documentation</msg>
<status status="PASS" starttime="20230203 17:53:52.044" endtime="20230203 17:53:52.045"/>
</kw>
<status status="PASS" starttime="20230203 17:53:51.944" endtime="20230203 17:53:52.045"/>
</iter>
<iter>
<var name="${i}">32</var>
<kw name="Get Text" library="SeleniumLibrary">
<var>${LinkText}</var>
<arg>xpath:(//a)[${i}]</arg>
<doc>Returns the text value of the element identified by ``locator``.</doc>
<msg timestamp="20230203 17:53:52.118" level="INFO">${LinkText} = Voice and tone</msg>
<status status="PASS" starttime="20230203 17:53:52.046" endtime="20230203 17:53:52.119"/>
</kw>
<kw name="Log" library="BuiltIn">
<arg>${LinkText}</arg>
<doc>Logs the given message with the given level.</doc>
<msg timestamp="20230203 17:53:52.122" level="INFO">Voice and tone</msg>
<status status="PASS" starttime="20230203 17:53:52.120" endtime="20230203 17:53:52.122"/>
</kw>
<status status="PASS" starttime="20230203 17:53:52.046" endtime="20230203 17:53:52.123"/>
</iter>
<iter>
<var name="${i}">33</var>
<kw name="Get Text" library="SeleniumLibrary">
<var>${LinkText}</var>
<arg>xpath:(//a)[${i}]</arg>
<doc>Returns the text value of the element identified by ``locator``.</doc>
<msg timestamp="20230203 17:53:52.197" level="INFO">${LinkText} = Abbreviations</msg>
<status status="PASS" starttime="20230203 17:53:52.124" endtime="20230203 17:53:52.197"/>
</kw>
<kw name="Log" library="BuiltIn">
<arg>${LinkText}</arg>
<doc>Logs the given message with the given level.</doc>
<msg timestamp="20230203 17:53:52.199" level="INFO">Abbreviations</msg>
<status status="PASS" starttime="20230203 17:53:52.198" endtime="20230203 17:53:52.199"/>
</kw>
<status status="PASS" starttime="20230203 17:53:52.124" endtime="20230203 17:53:52.199"/>
</iter>
<iter>
<var name="${i}">34</var>
<kw name="Get Text" library="SeleniumLibrary">
<var>${LinkText}</var>
<arg>xpath:(//a)[${i}]</arg>
<doc>Returns the text value of the element identified by ``locator``.</doc>
<msg timestamp="20230203 17:53:52.271" level="INFO">${LinkText} = Active voice</msg>
<status status="PASS" starttime="20230203 17:53:52.201" endtime="20230203 17:53:52.272"/>
</kw>
<kw name="Log" library="BuiltIn">
<arg>${LinkText}</arg>
<doc>Logs the given message with the given level.</doc>
<msg timestamp="20230203 17:53:52.275" level="INFO">Active voice</msg>
<status status="PASS" starttime="20230203 17:53:52.273" endtime="20230203 17:53:52.275"/>
</kw>
<status status="PASS" starttime="20230203 17:53:52.200" endtime="20230203 17:53:52.276"/>
</iter>
<iter>
<var name="${i}">35</var>
<kw name="Get Text" library="SeleniumLibrary">
<var>${LinkText}</var>
<arg>xpath:(//a)[${i}]</arg>
<doc>Returns the text value of the element identified by ``locator``.</doc>
<msg timestamp="20230203 17:53:52.343" level="INFO">${LinkText} = Anthropomorphism</msg>
<status status="PASS" starttime="20230203 17:53:52.278" endtime="20230203 17:53:52.343"/>
</kw>
<kw name="Log" library="BuiltIn">
<arg>${LinkText}</arg>
<doc>Logs the given message with the given level.</doc>
<msg timestamp="20230203 17:53:52.345" level="INFO">Anthropomorphism</msg>
<status status="PASS" starttime="20230203 17:53:52.344" endtime="20230203 17:53:52.345"/>
</kw>
<status status="PASS" starttime="20230203 17:53:52.277" endtime="20230203 17:53:52.345"/>
</iter>
<iter>
<var name="${i}">36</var>
<kw name="Get Text" library="SeleniumLibrary">
<var>${LinkText}</var>
<arg>xpath:(//a)[${i}]</arg>
<doc>Returns the text value of the element identified by ``locator``.</doc>
<msg timestamp="20230203 17:53:52.409" level="INFO">${LinkText} = Articles (a, an, the)</msg>
<status status="PASS" starttime="20230203 17:53:52.346" endtime="20230203 17:53:52.410"/>
</kw>
<kw name="Log" library="BuiltIn">
<arg>${LinkText}</arg>
<doc>Logs the given message with the given level.</doc>
<msg timestamp="20230203 17:53:52.411" level="INFO">Articles (a, an, the)</msg>
<status status="PASS" starttime="20230203 17:53:52.410" endtime="20230203 17:53:52.412"/>
</kw>
<status status="PASS" starttime="20230203 17:53:52.345" endtime="20230203 17:53:52.412"/>
</iter>
<iter>
<var name="${i}">37</var>
<kw name="Get Text" library="SeleniumLibrary">
<var>${LinkText}</var>
<arg>xpath:(//a)[${i}]</arg>
<doc>Returns the text value of the element identified by ``locator``.</doc>
<msg timestamp="20230203 17:53:52.485" level="INFO">${LinkText} = Capitalization</msg>
<status status="PASS" starttime="20230203 17:53:52.414" endtime="20230203 17:53:52.485"/>
</kw>
<kw name="Log" library="BuiltIn">
<arg>${LinkText}</arg>
<doc>Logs the given message with the given level.</doc>
<msg timestamp="20230203 17:53:52.486" level="INFO">Capitalization</msg>
<status status="PASS" starttime="20230203 17:53:52.486" endtime="20230203 17:53:52.487"/>
</kw>
<status status="PASS" starttime="20230203 17:53:52.413" endtime="20230203 17:53:52.487"/>
</iter>
<iter>
<var name="${i}">38</var>
<kw name="Get Text" library="SeleniumLibrary">
<var>${LinkText}</var>
<arg>xpath:(//a)[${i}]</arg>
<doc>Returns the text value of the element identified by ``locator``.</doc>
<msg timestamp="20230203 17:53:52.564" level="INFO">${LinkText} = Sentence structure</msg>
<status status="PASS" starttime="20230203 17:53:52.489" endtime="20230203 17:53:52.564"/>
</kw>
<kw name="Log" library="BuiltIn">
<arg>${LinkText}</arg>
<doc>Logs the given message with the given level.</doc>
<msg timestamp="20230203 17:53:52.565" level="INFO">Sentence structure</msg>
<status status="PASS" starttime="20230203 17:53:52.565" endtime="20230203 17:53:52.566"/>
</kw>
<status status="PASS" starttime="20230203 17:53:52.488" endtime="20230203 17:53:52.566"/>
</iter>
<iter>
<var name="${i}">39</var>
<kw name="Get Text" library="SeleniumLibrary">
<var>${LinkText}</var>
<arg>xpath:(//a)[${i}]</arg>
<doc>Returns the text value of the element identified by ``locator``.</doc>
<msg timestamp="20230203 17:53:52.632" level="INFO">${LinkText} = Contractions</msg>
<status status="PASS" starttime="20230203 17:53:52.567" endtime="20230203 17:53:52.633"/>
</kw>
<kw name="Log" library="BuiltIn">
<arg>${LinkText}</arg>
<doc>Logs the given message with the given level.</doc>
<msg timestamp="20230203 17:53:52.634" level="INFO">Contractions</msg>
<status status="PASS" starttime="20230203 17:53:52.633" endtime="20230203 17:53:52.635"/>
</kw>
<status status="PASS" starttime="20230203 17:53:52.566" endtime="20230203 17:53:52.635"/>
</iter>
<iter>
<var name="${i}">40</var>
<kw name="Get Text" library="SeleniumLibrary">
<var>${LinkText}</var>
<arg>xpath:(//a)[${i}]</arg>
<doc>Returns the text value of the element identified by ``locator``.</doc>
<msg timestamp="20230203 17:53:52.706" level="INFO">${LinkText} = Plurals in parentheses</msg>
<status status="PASS" starttime="20230203 17:53:52.637" endtime="20230203 17:53:52.707"/>
</kw>
<kw name="Log" library="BuiltIn">
<arg>${LinkText}</arg>
<doc>Logs the given message with the given level.</doc>
<msg timestamp="20230203 17:53:52.708" level="INFO">Plurals in parentheses</msg>
<status status="PASS" starttime="20230203 17:53:52.707" endtime="20230203 17:53:52.709"/>
</kw>
<status status="PASS" starttime="20230203 17:53:52.637" endtime="20230203 17:53:52.709"/>
</iter>
<iter>
<var name="${i}">41</var>
<kw name="Get Text" library="SeleniumLibrary">
<var>${LinkText}</var>
<arg>xpath:(//a)[${i}]</arg>
<doc>Returns the text value of the element identified by ``locator``.</doc>
<msg timestamp="20230203 17:53:52.796" level="INFO">${LinkText} = Possessives</msg>
<status status="PASS" starttime="20230203 17:53:52.710" endtime="20230203 17:53:52.796"/>
</kw>
<kw name="Log" library="BuiltIn">
<arg>${LinkText}</arg>
<doc>Logs the given message with the given level.</doc>
<msg timestamp="20230203 17:53:52.798" level="INFO">Possessives</msg>
<status status="PASS" starttime="20230203 17:53:52.797" endtime="20230203 17:53:52.798"/>
</kw>
<status status="PASS" starttime="20230203 17:53:52.709" endtime="20230203 17:53:52.799"/>
</iter>
<iter>
<var name="${i}">42</var>
<kw name="Get Text" library="SeleniumLibrary">
<var>${LinkText}</var>
<arg>xpath:(//a)[${i}]</arg>
<doc>Returns the text value of the element identified by ``locator``.</doc>
<msg timestamp="20230203 17:53:52.881" level="INFO">${LinkText} = Prepositions</msg>
<status status="PASS" starttime="20230203 17:53:52.801" endtime="20230203 17:53:52.881"/>
</kw>
<kw name="Log" library="BuiltIn">
<arg>${LinkText}</arg>
<doc>Logs the given message with the given level.</doc>
<msg timestamp="20230203 17:53:52.882" level="INFO">Prepositions</msg>
<status status="PASS" starttime="20230203 17:53:52.881" endtime="20230203 17:53:52.883"/>
</kw>
<status status="PASS" starttime="20230203 17:53:52.800" endtime="20230203 17:53:52.883"/>
</iter>
<iter>
<var name="${i}">43</var>
<kw name="Get Text" library="SeleniumLibrary">
<var>${LinkText}</var>
<arg>xpath:(//a)[${i}]</arg>
<doc>Returns the text value of the element identified by ``locator``.</doc>
<msg timestamp="20230203 17:53:52.960" level="INFO">${LinkText} = Present tense</msg>
<status status="PASS" starttime="20230203 17:53:52.884" endtime="20230203 17:53:52.961"/>
</kw>
<kw name="Log" library="BuiltIn">
<arg>${LinkText}</arg>
<doc>Logs the given message with the given level.</doc>
<msg timestamp="20230203 17:53:52.962" level="INFO">Present tense</msg>
<status status="PASS" starttime="20230203 17:53:52.962" endtime="20230203 17:53:52.963"/>
</kw>
<status status="PASS" starttime="20230203 17:53:52.884" endtime="20230203 17:53:52.963"/>
</iter>
<iter>
<var name="${i}">44</var>
<kw name="Get Text" library="SeleniumLibrary">
<var>${LinkText}</var>
<arg>xpath:(//a)[${i}]</arg>
<doc>Returns the text value of the element identified by ``locator``.</doc>
<msg timestamp="20230203 17:53:53.028" level="INFO">${LinkText} = Pronouns</msg>
<status status="PASS" starttime="20230203 17:53:52.964" endtime="20230203 17:53:53.029"/>
</kw>
<kw name="Log" library="BuiltIn">
<arg>${LinkText}</arg>
<doc>Logs the given message with the given level.</doc>
<msg timestamp="20230203 17:53:53.031" level="INFO">Pronouns</msg>
<status status="PASS" starttime="20230203 17:53:53.030" endtime="20230203 17:53:53.032"/>
</kw>
<status status="PASS" starttime="20230203 17:53:52.963" endtime="20230203 17:53:53.033"/>
</iter>
<iter>
<var name="${i}">45</var>
<kw name="Get Text" library="SeleniumLibrary">
<var>${LinkText}</var>
<arg>xpath:(//a)[${i}]</arg>
<doc>Returns the text value of the element identified by ``locator``.</doc>
<msg timestamp="20230203 17:53:53.105" level="INFO">${LinkText} = Second person</msg>
<status status="PASS" starttime="20230203 17:53:53.034" endtime="20230203 17:53:53.105"/>
</kw>
<kw name="Log" library="BuiltIn">
<arg>${LinkText}</arg>
<doc>Logs the given message with the given level.</doc>
<msg timestamp="20230203 17:53:53.106" level="INFO">Second person</msg>
<status status="PASS" starttime="20230203 17:53:53.105" endtime="20230203 17:53:53.106"/>
</kw>
<status status="PASS" starttime="20230203 17:53:53.034" endtime="20230203 17:53:53.107"/>
</iter>
<iter>
<var name="${i}">46</var>
<kw name="Get Text" library="SeleniumLibrary">
<var>${LinkText}</var>
<arg>xpath:(//a)[${i}]</arg>
<doc>Returns the text value of the element identified by ``locator``.</doc>
<msg timestamp="20230203 17:53:53.187" level="INFO">${LinkText} = Spelling</msg>
<status status="PASS" starttime="20230203 17:53:53.108" endtime="20230203 17:53:53.187"/>
</kw>
<kw name="Log" library="BuiltIn">
<arg>${LinkText}</arg>
<doc>Logs the given message with the given level.</doc>
<msg timestamp="20230203 17:53:53.188" level="INFO">Spelling</msg>
<status status="PASS" starttime="20230203 17:53:53.187" endtime="20230203 17:53:53.189"/>
</kw>
<status status="PASS" starttime="20230203 17:53:53.107" endtime="20230203 17:53:53.189"/>
</iter>
<iter>
<var name="${i}">47</var>
<kw name="Get Text" library="SeleniumLibrary">
<var>${LinkText}</var>
<arg>xpath:(//a)[${i}]</arg>
<doc>Returns the text value of the element identified by ``locator``.</doc>
<msg timestamp="20230203 17:53:53.266" level="INFO">${LinkText} = Verb forms in reference documentation</msg>
<status status="PASS" starttime="20230203 17:53:53.191" endtime="20230203 17:53:53.267"/>
</kw>
<kw name="Log" library="BuiltIn">
<arg>${LinkText}</arg>
<doc>Logs the given message with the given level.</doc>
<msg timestamp="20230203 17:53:53.268" level="INFO">Verb forms in reference documentation</msg>
<status status="PASS" starttime="20230203 17:53:53.267" endtime="20230203 17:53:53.268"/>
</kw>
<status status="PASS" starttime="20230203 17:53:53.190" endtime="20230203 17:53:53.269"/>
</iter>
<iter>
<var name="${i}">48</var>
<kw name="Get Text" library="SeleniumLibrary">
<var>${LinkText}</var>
<arg>xpath:(//a)[${i}]</arg>
<doc>Returns the text value of the element identified by ``locator``.</doc>
<msg timestamp="20230203 17:53:53.341" level="INFO">${LinkText} = Colons</msg>
<status status="PASS" starttime="20230203 17:53:53.270" endtime="20230203 17:53:53.342"/>
</kw>
<kw name="Log" library="BuiltIn">
<arg>${LinkText}</arg>
<doc>Logs the given message with the given level.</doc>
<msg timestamp="20230203 17:53:53.344" level="INFO">Colons</msg>
<status status="PASS" starttime="20230203 17:53:53.343" endtime="20230203 17:53:53.345"/>
</kw>
<status status="PASS" starttime="20230203 17:53:53.269" endtime="20230203 17:53:53.345"/>
</iter>
<iter>
<var name="${i}">49</var>
<kw name="Get Text" library="SeleniumLibrary">
<var>${LinkText}</var>
<arg>xpath:(//a)[${i}]</arg>
<doc>Returns the text value of the element identified by ``locator``.</doc>
<msg timestamp="20230203 17:53:53.427" level="INFO">${LinkText} = Commas</msg>
<status status="PASS" starttime="20230203 17:53:53.346" endtime="20230203 17:53:53.428"/>
</kw>
<kw name="Log" library="BuiltIn">
<arg>${LinkText}</arg>
<doc>Logs the given message with the given level.</doc>
<msg timestamp="20230203 17:53:53.429" level="INFO">Commas</msg>
<status status="PASS" starttime="20230203 17:53:53.428" endtime="20230203 17:53:53.429"/>
</kw>
<status status="PASS" starttime="20230203 17:53:53.346" endtime="20230203 17:53:53.430"/>
</iter>
<iter>
<var name="${i}">50</var>
<kw name="Get Text" library="SeleniumLibrary">
<var>${LinkText}</var>
<arg>xpath:(//a)[${i}]</arg>
<doc>Returns the text value of the element identified by ``locator``.</doc>
<msg timestamp="20230203 17:53:53.503" level="INFO">${LinkText} = Dashes</msg>
<status status="PASS" starttime="20230203 17:53:53.431" endtime="20230203 17:53:53.503"/>
</kw>
<kw name="Log" library="BuiltIn">
<arg>${LinkText}</arg>
<doc>Logs the given message with the given level.</doc>
<msg timestamp="20230203 17:53:53.505" level="INFO">Dashes</msg>
<status status="PASS" starttime="20230203 17:53:53.504" endtime="20230203 17:53:53.505"/>
</kw>
<status status="PASS" starttime="20230203 17:53:53.430" endtime="20230203 17:53:53.506"/>
</iter>
<iter>
<var name="${i}">51</var>
<kw name="Get Text" library="SeleniumLibrary">
<var>${LinkText}</var>
<arg>xpath:(//a)[${i}]</arg>
<doc>Returns the text value of the element identified by ``locator``.</doc>
<msg timestamp="20230203 17:53:53.573" level="INFO">${LinkText} = Ellipses</msg>
<status status="PASS" starttime="20230203 17:53:53.507" endtime="20230203 17:53:53.574"/>
</kw>
<kw name="Log" library="BuiltIn">
<arg>${LinkText}</arg>
<doc>Logs the given message with the given level.</doc>
<msg timestamp="20230203 17:53:53.576" level="INFO">Ellipses</msg>
<status status="PASS" starttime="20230203 17:53:53.575" endtime="20230203 17:53:53.577"/>
</kw>
<status status="PASS" starttime="20230203 17:53:53.506" endtime="20230203 17:53:53.577"/>
</iter>
<iter>
<var name="${i}">52</var>
<kw name="Get Text" library="SeleniumLibrary">
<var>${LinkText}</var>
<arg>xpath:(//a)[${i}]</arg>
<doc>Returns the text value of the element identified by ``locator``.</doc>
<msg timestamp="20230203 17:53:53.656" level="INFO">${LinkText} = Exclamation points</msg>
<status status="PASS" starttime="20230203 17:53:53.579" endtime="20230203 17:53:53.657"/>
</kw>
<kw name="Log" library="BuiltIn">
<arg>${LinkText}</arg>
<doc>Logs the given message with the given level.</doc>
<msg timestamp="20230203 17:53:53.659" level="INFO">Exclamation points</msg>
<status status="PASS" starttime="20230203 17:53:53.658" endtime="20230203 17:53:53.660"/>
</kw>
<status status="PASS" starttime="20230203 17:53:53.578" endtime="20230203 17:53:53.660"/>
</iter>
<iter>
<var name="${i}">53</var>
<kw name="Get Text" library="SeleniumLibrary">
<var>${LinkText}</var>
<arg>xpath:(//a)[${i}]</arg>
<doc>Returns the text value of the element identified by ``locator``.</doc>
<msg timestamp="20230203 17:53:53.733" level="INFO">${LinkText} = Hyphens</msg>
<status status="PASS" starttime="20230203 17:53:53.662" endtime="20230203 17:53:53.734"/>
</kw>
<kw name="Log" library="BuiltIn">
<arg>${LinkText}</arg>
<doc>Logs the given message with the given level.</doc>
<msg timestamp="20230203 17:53:53.735" level="INFO">Hyphens</msg>
<status status="PASS" starttime="20230203 17:53:53.734" endtime="20230203 17:53:53.736"/>
</kw>
<status status="PASS" starttime="20230203 17:53:53.661" endtime="20230203 17:53:53.736"/>
</iter>
<iter>
<var name="${i}">54</var>
<kw name="Get Text" library="SeleniumLibrary">
<var>${LinkText}</var>
<arg>xpath:(//a)[${i}]</arg>
<doc>Returns the text value of the element identified by ``locator``.</doc>
<msg timestamp="20230203 17:53:53.809" level="INFO">${LinkText} = Parentheses</msg>
<status status="PASS" starttime="20230203 17:53:53.738" endtime="20230203 17:53:53.810"/>
</kw>
<kw name="Log" library="BuiltIn">
<arg>${LinkText}</arg>
<doc>Logs the given message with the given level.</doc>
<msg timestamp="20230203 17:53:53.811" level="INFO">Parentheses</msg>
<status status="PASS" starttime="20230203 17:53:53.810" endtime="20230203 17:53:53.811"/>
</kw>
<status status="PASS" starttime="20230203 17:53:53.737" endtime="20230203 17:53:53.812"/>
</iter>
<iter>
<var name="${i}">55</var>
<kw name="Get Text" library="SeleniumLibrary">
<var>${LinkText}</var>
<arg>xpath:(//a)[${i}]</arg>
<doc>Returns the text value of the element identified by ``locator``.</doc>
<msg timestamp="20230203 17:53:53.891" level="INFO">${LinkText} = Periods</msg>
<status status="PASS" starttime="20230203 17:53:53.813" endtime="20230203 17:53:53.891"/>
</kw>
<kw name="Log" library="BuiltIn">
<arg>${LinkText}</arg>
<doc>Logs the given message with the given level.</doc>
<msg timestamp="20230203 17:53:53.893" level="INFO">Periods</msg>
<status status="PASS" starttime="20230203 17:53:53.892" endtime="20230203 17:53:53.893"/>
</kw>
<status status="PASS" starttime="20230203 17:53:53.812" endtime="20230203 17:53:53.893"/>
</iter>
<iter>
<var name="${i}">56</var>
<kw name="Get Text" library="SeleniumLibrary">
<var>${LinkText}</var>
<arg>xpath:(//a)[${i}]</arg>
<doc>Returns the text value of the element identified by ``locator``.</doc>
<msg timestamp="20230203 17:53:53.976" level="INFO">${LinkText} = Quotation marks</msg>
<status status="PASS" starttime="20230203 17:53:53.896" endtime="20230203 17:53:53.976"/>
</kw>
<kw name="Log" library="BuiltIn">
<arg>${LinkText}</arg>
<doc>Logs the given message with the given level.</doc>
<msg timestamp="20230203 17:53:53.977" level="INFO">Quotation marks</msg>
<status status="PASS" starttime="20230203 17:53:53.977" endtime="20230203 17:53:53.978"/>
</kw>
<status status="PASS" starttime="20230203 17:53:53.894" endtime="20230203 17:53:53.978"/>
</iter>
<iter>
<var name="${i}">57</var>
<kw name="Get Text" library="SeleniumLibrary">
<var>${LinkText}</var>
<arg>xpath:(//a)[${i}]</arg>
<doc>Returns the text value of the element identified by ``locator``.</doc>
<msg timestamp="20230203 17:53:54.049" level="INFO">${LinkText} = Semicolons</msg>
<status status="PASS" starttime="20230203 17:53:53.979" endtime="20230203 17:53:54.049"/>
</kw>
<kw name="Log" library="BuiltIn">
<arg>${LinkText}</arg>
<doc>Logs the given message with the given level.</doc>
<msg timestamp="20230203 17:53:54.051" level="INFO">Semicolons</msg>
<status status="PASS" starttime="20230203 17:53:54.050" endtime="20230203 17:53:54.052"/>
</kw>
<status status="PASS" starttime="20230203 17:53:53.979" endtime="20230203 17:53:54.052"/>
</iter>
<iter>
<var name="${i}">58</var>
<kw name="Get Text" library="SeleniumLibrary">
<var>${LinkText}</var>
<arg>xpath:(//a)[${i}]</arg>
<doc>Returns the text value of the element identified by ``locator``.</doc>
<msg timestamp="20230203 17:53:54.148" level="INFO">${LinkText} = Slashes</msg>
<status status="PASS" starttime="20230203 17:53:54.054" endtime="20230203 17:53:54.148"/>
</kw>
<kw name="Log" library="BuiltIn">
<arg>${LinkText}</arg>
<doc>Logs the given message with the given level.</doc>
<msg timestamp="20230203 17:53:54.150" level="INFO">Slashes</msg>
<status status="PASS" starttime="20230203 17:53:54.149" endtime="20230203 17:53:54.150"/>
</kw>
<status status="PASS" starttime="20230203 17:53:54.053" endtime="20230203 17:53:54.150"/>
</iter>
<iter>
<var name="${i}">59</var>
<kw name="Get Text" library="SeleniumLibrary">
<var>${LinkText}</var>
<arg>xpath:(//a)[${i}]</arg>
<doc>Returns the text value of the element identified by ``locator``.</doc>
<msg timestamp="20230203 17:53:54.256" level="INFO">${LinkText} = Dates and times</msg>
<status status="PASS" starttime="20230203 17:53:54.151" endtime="20230203 17:53:54.256"/>
</kw>
<kw name="Log" library="BuiltIn">
<arg>${LinkText}</arg>
<doc>Logs the given message with the given level.</doc>
<msg timestamp="20230203 17:53:54.258" level="INFO">Dates and times</msg>
<status status="PASS" starttime="20230203 17:53:54.257" endtime="20230203 17:53:54.259"/>
</kw>
<status status="PASS" starttime="20230203 17:53:54.151" endtime="20230203 17:53:54.259"/>
</iter>
<iter>
<var name="${i}">60</var>
<kw name="Get Text" library="SeleniumLibrary">
<var>${LinkText}</var>
<arg>xpath:(//a)[${i}]</arg>
<doc>Returns the text value of the element identified by ``locator``.</doc>
<msg timestamp="20230203 17:53:54.333" level="INFO">${LinkText} = Figures and other images</msg>
<status status="PASS" starttime="20230203 17:53:54.260" endtime="20230203 17:53:54.334"/>
</kw>
<kw name="Log" library="BuiltIn">
<arg>${LinkText}</arg>
<doc>Logs the given message with the given level.</doc>
<msg timestamp="20230203 17:53:54.336" level="INFO">Figures and other images</msg>
<status status="PASS" starttime="20230203 17:53:54.335" endtime="20230203 17:53:54.337"/>
</kw>
<status status="PASS" starttime="20230203 17:53:54.259" endtime="20230203 17:53:54.338"/>
</iter>
<iter>
<var name="${i}">61</var>
<kw name="Get Text" library="SeleniumLibrary">
<var>${LinkText}</var>
<arg>xpath:(//a)[${i}]</arg>
<doc>Returns the text value of the element identified by ``locator``.</doc>
<msg timestamp="20230203 17:53:54.411" level="INFO">${LinkText} = Footnotes</msg>
<status status="PASS" starttime="20230203 17:53:54.340" endtime="20230203 17:53:54.412"/>
</kw>
<kw name="Log" library="BuiltIn">
<arg>${LinkText}</arg>
<doc>Logs the given message with the given level.</doc>
<msg timestamp="20230203 17:53:54.415" level="INFO">Footnotes</msg>
<status status="PASS" starttime="20230203 17:53:54.413" endtime="20230203 17:53:54.415"/>
</kw>
<status status="PASS" starttime="20230203 17:53:54.339" endtime="20230203 17:53:54.416"/>
</iter>
<iter>
<var name="${i}">62</var>
<kw name="Get Text" library="SeleniumLibrary">
<var>${LinkText}</var>
<arg>xpath:(//a)[${i}]</arg>
<doc>Returns the text value of the element identified by ``locator``.</doc>
<msg timestamp="20230203 17:53:54.493" level="INFO">${LinkText} = Examples</msg>
<status status="PASS" starttime="20230203 17:53:54.418" endtime="20230203 17:53:54.494"/>
</kw>
<kw name="Log" library="BuiltIn">
<arg>${LinkText}</arg>
<doc>Logs the given message with the given level.</doc>
<msg timestamp="20230203 17:53:54.496" level="INFO">Examples</msg>
<status status="PASS" starttime="20230203 17:53:54.495" endtime="20230203 17:53:54.497"/>
</kw>
<status status="PASS" starttime="20230203 17:53:54.417" endtime="20230203 17:53:54.498"/>
</iter>
<iter>
<var name="${i}">63</var>
<kw name="Get Text" library="SeleniumLibrary">
<var>${LinkText}</var>
<arg>xpath:(//a)[${i}]</arg>
<doc>Returns the text value of the element identified by ``locator``.</doc>
<msg timestamp="20230203 17:53:54.574" level="INFO">${LinkText} = Headings and titles</msg>
<status status="PASS" starttime="20230203 17:53:54.500" endtime="20230203 17:53:54.575"/>
</kw>
<kw name="Log" library="BuiltIn">
<arg>${LinkText}</arg>
<doc>Logs the given message with the given level.</doc>
<msg timestamp="20230203 17:53:54.576" level="INFO">Headings and titles</msg>
<status status="PASS" starttime="20230203 17:53:54.575" endtime="20230203 17:53:54.576"/>
</kw>
<status status="PASS" starttime="20230203 17:53:54.498" endtime="20230203 17:53:54.576"/>
</iter>
<iter>
<var name="${i}">64</var>
<kw name="Get Text" library="SeleniumLibrary">
<var>${LinkText}</var>
<arg>xpath:(//a)[${i}]</arg>
<doc>Returns the text value of the element identified by ``locator``.</doc>
<msg timestamp="20230203 17:53:54.677" level="INFO">${LinkText} = Key terms</msg>
<status status="PASS" starttime="20230203 17:53:54.578" endtime="20230203 17:53:54.677"/>
</kw>
<kw name="Log" library="BuiltIn">
<arg>${LinkText}</arg>
<doc>Logs the given message with the given level.</doc>
<msg timestamp="20230203 17:53:54.679" level="INFO">Key terms</msg>
<status status="PASS" starttime="20230203 17:53:54.678" endtime="20230203 17:53:54.680"/>
</kw>
<status status="PASS" starttime="20230203 17:53:54.577" endtime="20230203 17:53:54.680"/>
</iter>
<iter>
<var name="${i}">65</var>
<kw name="Get Text" library="SeleniumLibrary">
<var>${LinkText}</var>
<arg>xpath:(//a)[${i}]</arg>
<doc>Returns the text value of the element identified by ``locator``.</doc>
<msg timestamp="20230203 17:53:54.753" level="INFO">${LinkText} = Letters as letters</msg>
<status status="PASS" starttime="20230203 17:53:54.681" endtime="20230203 17:53:54.753"/>
</kw>
<kw name="Log" library="BuiltIn">
<arg>${LinkText}</arg>
<doc>Logs the given message with the given level.</doc>
<msg timestamp="20230203 17:53:54.756" level="INFO">Letters as letters</msg>
<status status="PASS" starttime="20230203 17:53:54.754" endtime="20230203 17:53:54.756"/>
</kw>
<status status="PASS" starttime="20230203 17:53:54.681" endtime="20230203 17:53:54.757"/>
</iter>
<iter>
<var name="${i}">66</var>
<kw name="Get Text" library="SeleniumLibrary">
<var>${LinkText}</var>
<arg>xpath:(//a)[${i}]</arg>
<doc>Returns the text value of the element identified by ``locator``.</doc>
<msg timestamp="20230203 17:53:54.826" level="INFO">${LinkText} = Lists</msg>
<status status="PASS" starttime="20230203 17:53:54.758" endtime="20230203 17:53:54.827"/>
</kw>
<kw name="Log" library="BuiltIn">
<arg>${LinkText}</arg>
<doc>Logs the given message with the given level.</doc>
<msg timestamp="20230203 17:53:54.829" level="INFO">Lists</msg>
<status status="PASS" starttime="20230203 17:53:54.827" endtime="20230203 17:53:54.830"/>
</kw>
<status status="PASS" starttime="20230203 17:53:54.757" endtime="20230203 17:53:54.831"/>
</iter>
<iter>
<var name="${i}">67</var>
<kw name="Get Text" library="SeleniumLibrary">
<var>${LinkText}</var>
<arg>xpath:(//a)[${i}]</arg>
<doc>Returns the text value of the element identified by ``locator``.</doc>
<msg timestamp="20230203 17:53:54.890" level="INFO">${LinkText} = Notes and other notices</msg>
<status status="PASS" starttime="20230203 17:53:54.832" endtime="20230203 17:53:54.891"/>
</kw>
<kw name="Log" library="BuiltIn">
<arg>${LinkText}</arg>
<doc>Logs the given message with the given level.</doc>
<msg timestamp="20230203 17:53:54.891" level="INFO">Notes and other notices</msg>
<status status="PASS" starttime="20230203 17:53:54.891" endtime="20230203 17:53:54.891"/>
</kw>
<status status="PASS" starttime="20230203 17:53:54.832" endtime="20230203 17:53:54.892"/>
</iter>
<iter>
<var name="${i}">68</var>
<kw name="Get Text" library="SeleniumLibrary">
<var>${LinkText}</var>
<arg>xpath:(//a)[${i}]</arg>
<doc>Returns the text value of the element identified by ``locator``.</doc>
<msg timestamp="20230203 17:53:54.950" level="INFO">${LinkText} = Numbers</msg>
<status status="PASS" starttime="20230203 17:53:54.892" endtime="20230203 17:53:54.950"/>
</kw>
<kw name="Log" library="BuiltIn">
<arg>${LinkText}</arg>
<doc>Logs the given message with the given level.</doc>
<msg timestamp="20230203 17:53:54.951" level="INFO">Numbers</msg>
<status status="PASS" starttime="20230203 17:53:54.950" endtime="20230203 17:53:54.952"/>
</kw>
<status status="PASS" starttime="20230203 17:53:54.892" endtime="20230203 17:53:54.952"/>
</iter>
<iter>
<var name="${i}">69</var>
<kw name="Get Text" library="SeleniumLibrary">
<var>${LinkText}</var>
<arg>xpath:(//a)[${i}]</arg>
<doc>Returns the text value of the element identified by ``locator``.</doc>
<msg timestamp="20230203 17:53:55.036" level="INFO">${LinkText} = Paragraphs</msg>
<status status="PASS" starttime="20230203 17:53:54.953" endtime="20230203 17:53:55.036"/>
</kw>
<kw name="Log" library="BuiltIn">
<arg>${LinkText}</arg>
<doc>Logs the given message with the given level.</doc>
<msg timestamp="20230203 17:53:55.038" level="INFO">Paragraphs</msg>
<status status="PASS" starttime="20230203 17:53:55.037" endtime="20230203 17:53:55.038"/>
</kw>
<status status="PASS" starttime="20230203 17:53:54.953" endtime="20230203 17:53:55.039"/>
</iter>
<iter>
<var name="${i}">70</var>
<kw name="Get Text" library="SeleniumLibrary">
<var>${LinkText}</var>
<arg>xpath:(//a)[${i}]</arg>
<doc>Returns the text value of the element identified by ``locator``.</doc>
<msg timestamp="20230203 17:53:55.120" level="INFO">${LinkText} = Phone numbers</msg>
<status status="PASS" starttime="20230203 17:53:55.039" endtime="20230203 17:53:55.120"/>
</kw>
<kw name="Log" library="BuiltIn">
<arg>${LinkText}</arg>
<doc>Logs the given message with the given level.</doc>
<msg timestamp="20230203 17:53:55.122" level="INFO">Phone numbers</msg>
<status status="PASS" starttime="20230203 17:53:55.121" endtime="20230203 17:53:55.122"/>
</kw>
<status status="PASS" starttime="20230203 17:53:55.039" endtime="20230203 17:53:55.123"/>
</iter>
<iter>
<var name="${i}">71</var>
<kw name="Get Text" library="SeleniumLibrary">
<var>${LinkText}</var>
<arg>xpath:(//a)[${i}]</arg>
<doc>Returns the text value of the element identified by ``locator``.</doc>
<msg timestamp="20230203 17:53:55.209" level="INFO">${LinkText} = Procedures</msg>
<status status="PASS" starttime="20230203 17:53:55.124" endtime="20230203 17:53:55.210"/>
</kw>
<kw name="Log" library="BuiltIn">
<arg>${LinkText}</arg>
<doc>Logs the given message with the given level.</doc>
<msg timestamp="20230203 17:53:55.212" level="INFO">Procedures</msg>
<status status="PASS" starttime="20230203 17:53:55.211" endtime="20230203 17:53:55.213"/>
</kw>
<status status="PASS" starttime="20230203 17:53:55.123" endtime="20230203 17:53:55.213"/>
</iter>
<iter>
<var name="${i}">72</var>
<kw name="Get Text" library="SeleniumLibrary">
<var>${LinkText}</var>
<arg>xpath:(//a)[${i}]</arg>
<doc>Returns the text value of the element identified by ``locator``.</doc>
<msg timestamp="20230203 17:53:55.288" level="INFO">${LinkText} = Spaces between sentences</msg>
<status status="PASS" starttime="20230203 17:53:55.215" endtime="20230203 17:53:55.289"/>
</kw>
<kw name="Log" library="BuiltIn">
<arg>${LinkText}</arg>
<doc>Logs the given message with the given level.</doc>
<msg timestamp="20230203 17:53:55.291" level="INFO">Spaces between sentences</msg>
<status status="PASS" starttime="20230203 17:53:55.290" endtime="20230203 17:53:55.292"/>
</kw>
<status status="PASS" starttime="20230203 17:53:55.214" endtime="20230203 17:53:55.292"/>
</iter>
<iter>
<var name="${i}">73</var>
<kw name="Get Text" library="SeleniumLibrary">
<var>${LinkText}</var>
<arg>xpath:(//a)[${i}]</arg>
<doc>Returns the text value of the element identified by ``locator``.</doc>
<msg timestamp="20230203 17:53:55.372" level="INFO">${LinkText} = Tables</msg>
<status status="PASS" starttime="20230203 17:53:55.294" endtime="20230203 17:53:55.373"/>
</kw>
<kw name="Log" library="BuiltIn">
<arg>${LinkText}</arg>
<doc>Logs the given message with the given level.</doc>
<msg timestamp="20230203 17:53:55.376" level="INFO">Tables</msg>
<status status="PASS" starttime="20230203 17:53:55.374" endtime="20230203 17:53:55.376"/>
</kw>
<status status="PASS" starttime="20230203 17:53:55.293" endtime="20230203 17:53:55.377"/>
</iter>
<iter>
<var name="${i}">74</var>
<kw name="Get Text" library="SeleniumLibrary">
<var>${LinkText}</var>
<arg>xpath:(//a)[${i}]</arg>
<doc>Returns the text value of the element identified by ``locator``.</doc>
<msg timestamp="20230203 17:53:55.460" level="INFO">${LinkText} = Units of measurement</msg>
<status status="PASS" starttime="20230203 17:53:55.380" endtime="20230203 17:53:55.461"/>
</kw>
<kw name="Log" library="BuiltIn">
<arg>${LinkText}</arg>
<doc>Logs the given message with the given level.</doc>
<msg timestamp="20230203 17:53:55.463" level="INFO">Units of measurement</msg>
<status status="PASS" starttime="20230203 17:53:55.462" endtime="20230203 17:53:55.464"/>
</kw>
<status status="PASS" starttime="20230203 17:53:55.378" endtime="20230203 17:53:55.465"/>
</iter>
<iter>
<var name="${i}">75</var>
<kw name="Get Text" library="SeleniumLibrary">
<var>${LinkText}</var>
<arg>xpath:(//a)[${i}]</arg>
<doc>Returns the text value of the element identified by ``locator``.</doc>
<msg timestamp="20230203 17:53:55.546" level="INFO">${LinkText} = Words as words</msg>
<status status="PASS" starttime="20230203 17:53:55.466" endtime="20230203 17:53:55.547"/>
</kw>
<kw name="Log" library="BuiltIn">
<arg>${LinkText}</arg>
<doc>Logs the given message with the given level.</doc>
<msg timestamp="20230203 17:53:55.549" level="INFO">Words as words</msg>
<status status="PASS" starttime="20230203 17:53:55.547" endtime="20230203 17:53:55.550"/>
</kw>
<status status="PASS" starttime="20230203 17:53:55.465" endtime="20230203 17:53:55.550"/>
</iter>
<iter>
<var name="${i}">76</var>
<kw name="Get Text" library="SeleniumLibrary">
<var>${LinkText}</var>
<arg>xpath:(//a)[${i}]</arg>
<doc>Returns the text value of the element identified by ``locator``.</doc>
<msg timestamp="20230203 17:53:55.656" level="INFO">${LinkText} = Cross-references</msg>
<status status="PASS" starttime="20230203 17:53:55.552" endtime="20230203 17:53:55.656"/>
</kw>
<kw name="Log" library="BuiltIn">
<arg>${LinkText}</arg>
<doc>Logs the given message with the given level.</doc>
<msg timestamp="20230203 17:53:55.657" level="INFO">Cross-references</msg>
<status status="PASS" starttime="20230203 17:53:55.657" endtime="20230203 17:53:55.658"/>
</kw>
<status status="PASS" starttime="20230203 17:53:55.551" endtime="20230203 17:53:55.658"/>
</iter>
<iter>
<var name="${i}">77</var>
<kw name="Get Text" library="SeleniumLibrary">
<var>${LinkText}</var>
<arg>xpath:(//a)[${i}]</arg>
<doc>Returns the text value of the element identified by ``locator``.</doc>
<msg timestamp="20230203 17:53:55.779" level="INFO">${LinkText} = Headings as link targets</msg>
<status status="PASS" starttime="20230203 17:53:55.660" endtime="20230203 17:53:55.780"/>
</kw>
<kw name="Log" library="BuiltIn">
<arg>${LinkText}</arg>
<doc>Logs the given message with the given level.</doc>
<msg timestamp="20230203 17:53:55.782" level="INFO">Headings as link targets</msg>
<status status="PASS" starttime="20230203 17:53:55.781" endtime="20230203 17:53:55.783"/>
</kw>
<status status="PASS" starttime="20230203 17:53:55.659" endtime="20230203 17:53:55.783"/>
</iter>
<iter>
<var name="${i}">78</var>
<kw name="Get Text" library="SeleniumLibrary">
<var>${LinkText}</var>
<arg>xpath:(//a)[${i}]</arg>
<doc>Returns the text value of the element identified by ``locator``.</doc>
<msg timestamp="20230203 17:53:55.941" level="INFO">${LinkText} = Link text</msg>
<status status="PASS" starttime="20230203 17:53:55.786" endtime="20230203 17:53:55.941"/>
</kw>
<kw name="Log" library="BuiltIn">
<arg>${LinkText}</arg>
<doc>Logs the given message with the given level.</doc>
<msg timestamp="20230203 17:53:55.942" level="INFO">Link text</msg>
<status status="PASS" starttime="20230203 17:53:55.942" endtime="20230203 17:53:55.943"/>
</kw>
<status status="PASS" starttime="20230203 17:53:55.784" endtime="20230203 17:53:55.943"/>
</iter>
<iter>
<var name="${i}">79</var>
<kw name="Get Text" library="SeleniumLibrary">
<var>${LinkText}</var>
<arg>xpath:(//a)[${i}]</arg>
<doc>Returns the text value of the element identified by ``locator``.</doc>
<msg timestamp="20230203 17:53:56.076" level="INFO">${LinkText} = Links to other sites</msg>
<status status="PASS" starttime="20230203 17:53:55.944" endtime="20230203 17:53:56.076"/>
</kw>
<kw name="Log" library="BuiltIn">
<arg>${LinkText}</arg>
<doc>Logs the given message with the given level.</doc>
<msg timestamp="20230203 17:53:56.077" level="INFO">Links to other sites</msg>
<status status="PASS" starttime="20230203 17:53:56.076" endtime="20230203 17:53:56.077"/>
</kw>
<status status="PASS" starttime="20230203 17:53:55.943" endtime="20230203 17:53:56.078"/>
</iter>
<iter>
<var name="${i}">80</var>
<kw name="Get Text" library="SeleniumLibrary">
<var>${LinkText}</var>
<arg>xpath:(//a)[${i}]</arg>
<doc>Returns the text value of the element identified by ``locator``.</doc>
<msg timestamp="20230203 17:53:56.223" level="INFO">${LinkText} = URLs for images</msg>
<status status="PASS" starttime="20230203 17:53:56.078" endtime="20230203 17:53:56.223"/>
</kw>
<kw name="Log" library="BuiltIn">
<arg>${LinkText}</arg>
<doc>Logs the given message with the given level.</doc>
<msg timestamp="20230203 17:53:56.224" level="INFO">URLs for images</msg>
<status status="PASS" starttime="20230203 17:53:56.223" endtime="20230203 17:53:56.225"/>
</kw>
<status status="PASS" starttime="20230203 17:53:56.078" endtime="20230203 17:53:56.225"/>
</iter>
<iter>
<var name="${i}">81</var>
<kw name="Get Text" library="SeleniumLibrary">
<var>${LinkText}</var>
<arg>xpath:(//a)[${i}]</arg>
<doc>Returns the text value of the element identified by ``locator``.</doc>
<msg timestamp="20230203 17:53:56.331" level="INFO">${LinkText} = API reference code comments</msg>
<status status="PASS" starttime="20230203 17:53:56.226" endtime="20230203 17:53:56.331"/>
</kw>
<kw name="Log" library="BuiltIn">
<arg>${LinkText}</arg>
<doc>Logs the given message with the given level.</doc>
<msg timestamp="20230203 17:53:56.333" level="INFO">API reference code comments</msg>
<status status="PASS" starttime="20230203 17:53:56.332" endtime="20230203 17:53:56.334"/>
</kw>
<status status="PASS" starttime="20230203 17:53:56.226" endtime="20230203 17:53:56.334"/>
</iter>
<iter>
<var name="${i}">82</var>
<kw name="Get Text" library="SeleniumLibrary">
<var>${LinkText}</var>
<arg>xpath:(//a)[${i}]</arg>
<doc>Returns the text value of the element identified by ``locator``.</doc>
<msg timestamp="20230203 17:53:56.417" level="INFO">${LinkText} = Code in text</msg>
<status status="PASS" starttime="20230203 17:53:56.337" endtime="20230203 17:53:56.418"/>
</kw>
<kw name="Log" library="BuiltIn">
<arg>${LinkText}</arg>
<doc>Logs the given message with the given level.</doc>
<msg timestamp="20230203 17:53:56.419" level="INFO">Code in text</msg>
<status status="PASS" starttime="20230203 17:53:56.418" endtime="20230203 17:53:56.420"/>
</kw>
<status status="PASS" starttime="20230203 17:53:56.335" endtime="20230203 17:53:56.420"/>
</iter>
<iter>
<var name="${i}">83</var>
<kw name="Get Text" library="SeleniumLibrary">
<var>${LinkText}</var>
<arg>xpath:(//a)[${i}]</arg>
<doc>Returns the text value of the element identified by ``locator``.</doc>
<msg timestamp="20230203 17:53:56.518" level="INFO">${LinkText} = Code samples</msg>
<status status="PASS" starttime="20230203 17:53:56.421" endtime="20230203 17:53:56.519"/>
</kw>
<kw name="Log" library="BuiltIn">
<arg>${LinkText}</arg>
<doc>Logs the given message with the given level.</doc>
<msg timestamp="20230203 17:53:56.521" level="INFO">Code samples</msg>
<status status="PASS" starttime="20230203 17:53:56.520" endtime="20230203 17:53:56.522"/>
</kw>
<status status="PASS" starttime="20230203 17:53:56.421" endtime="20230203 17:53:56.523"/>
</iter>
<iter>
<var name="${i}">84</var>
<kw name="Get Text" library="SeleniumLibrary">
<var>${LinkText}</var>
<arg>xpath:(//a)[${i}]</arg>
<doc>Returns the text value of the element identified by ``locator``.</doc>
<msg timestamp="20230203 17:53:56.605" level="INFO">${LinkText} = Command-line syntax</msg>
<status status="PASS" starttime="20230203 17:53:56.524" endtime="20230203 17:53:56.605"/>
</kw>
<kw name="Log" library="BuiltIn">
<arg>${LinkText}</arg>
<doc>Logs the given message with the given level.</doc>
<msg timestamp="20230203 17:53:56.608" level="INFO">Command-line syntax</msg>
<status status="PASS" starttime="20230203 17:53:56.606" endtime="20230203 17:53:56.609"/>
</kw>
<status status="PASS" starttime="20230203 17:53:56.523" endtime="20230203 17:53:56.610"/>
</iter>
<iter>
<var name="${i}">85</var>
<kw name="Get Text" library="SeleniumLibrary">
<var>${LinkText}</var>
<arg>xpath:(//a)[${i}]</arg>
<doc>Returns the text value of the element identified by ``locator``.</doc>
<msg timestamp="20230203 17:53:56.705" level="INFO">${LinkText} = Placeholder formatting</msg>
<status status="PASS" starttime="20230203 17:53:56.612" endtime="20230203 17:53:56.706"/>
</kw>
<kw name="Log" library="BuiltIn">
<arg>${LinkText}</arg>
<doc>Logs the given message with the given level.</doc>
<msg timestamp="20230203 17:53:56.709" level="INFO">Placeholder formatting</msg>
<status status="PASS" starttime="20230203 17:53:56.707" endtime="20230203 17:53:56.710"/>
</kw>
<status status="PASS" starttime="20230203 17:53:56.610" endtime="20230203 17:53:56.711"/>
</iter>
<iter>
<var name="${i}">86</var>
<kw name="Get Text" library="SeleniumLibrary">
<var>${LinkText}</var>
<arg>xpath:(//a)[${i}]</arg>
<doc>Returns the text value of the element identified by ``locator``.</doc>
<msg timestamp="20230203 17:53:56.830" level="INFO">${LinkText} = UI elements and interaction</msg>
<status status="PASS" starttime="20230203 17:53:56.713" endtime="20230203 17:53:56.831"/>
</kw>
<kw name="Log" library="BuiltIn">
<arg>${LinkText}</arg>
<doc>Logs the given message with the given level.</doc>
<msg timestamp="20230203 17:53:56.833" level="INFO">UI elements and interaction</msg>
<status status="PASS" starttime="20230203 17:53:56.832" endtime="20230203 17:53:56.834"/>
</kw>
<status status="PASS" starttime="20230203 17:53:56.711" endtime="20230203 17:53:56.834"/>
</iter>
<iter>
<var name="${i}">87</var>
<kw name="Get Text" library="SeleniumLibrary">
<var>${LinkText}</var>
<arg>xpath:(//a)[${i}]</arg>
<doc>Returns the text value of the element identified by ``locator``.</doc>
<msg timestamp="20230203 17:53:56.968" level="INFO">${LinkText} = Fonts and font size</msg>
<status status="PASS" starttime="20230203 17:53:56.836" endtime="20230203 17:53:56.968"/>
</kw>
<kw name="Log" library="BuiltIn">
<arg>${LinkText}</arg>
<doc>Logs the given message with the given level.</doc>
<msg timestamp="20230203 17:53:56.970" level="INFO">Fonts and font size</msg>
<status status="PASS" starttime="20230203 17:53:56.970" endtime="20230203 17:53:56.971"/>
</kw>
<status status="PASS" starttime="20230203 17:53:56.835" endtime="20230203 17:53:56.971"/>
</iter>
<iter>
<var name="${i}">88</var>
<kw name="Get Text" library="SeleniumLibrary">
<var>${LinkText}</var>
<arg>xpath:(//a)[${i}]</arg>
<doc>Returns the text value of the element identified by ``locator``.</doc>
<msg timestamp="20230203 17:53:57.063" level="INFO">${LinkText} = HTML and semantic tagging</msg>
<status status="PASS" starttime="20230203 17:53:56.972" endtime="20230203 17:53:57.064"/>
</kw>
<kw name="Log" library="BuiltIn">
<arg>${LinkText}</arg>
<doc>Logs the given message with the given level.</doc>
<msg timestamp="20230203 17:53:57.066" level="INFO">HTML and semantic tagging</msg>
<status status="PASS" starttime="20230203 17:53:57.065" endtime="20230203 17:53:57.066"/>
</kw>
<status status="PASS" starttime="20230203 17:53:56.971" endtime="20230203 17:53:57.067"/>
</iter>
<iter>
<var name="${i}">89</var>
<kw name="Get Text" library="SeleniumLibrary">
<var>${LinkText}</var>
<arg>xpath:(//a)[${i}]</arg>
<doc>Returns the text value of the element identified by ``locator``.</doc>
<msg timestamp="20230203 17:53:57.205" level="INFO">${LinkText} = HTML formatting</msg>
<status status="PASS" starttime="20230203 17:53:57.068" endtime="20230203 17:53:57.206"/>
</kw>
<kw name="Log" library="BuiltIn">
<arg>${LinkText}</arg>
<doc>Logs the given message with the given level.</doc>
<msg timestamp="20230203 17:53:57.207" level="INFO">HTML formatting</msg>
<status status="PASS" starttime="20230203 17:53:57.206" endtime="20230203 17:53:57.207"/>
</kw>
<status status="PASS" starttime="20230203 17:53:57.067" endtime="20230203 17:53:57.207"/>
</iter>
<iter>
<var name="${i}">90</var>
<kw name="Get Text" library="SeleniumLibrary">
<var>${LinkText}</var>
<arg>xpath:(//a)[${i}]</arg>
<doc>Returns the text value of the element identified by ``locator``.</doc>
<msg timestamp="20230203 17:53:57.350" level="INFO">${LinkText} = Markdown versus HTML</msg>
<status status="PASS" starttime="20230203 17:53:57.209" endtime="20230203 17:53:57.351"/>
</kw>
<kw name="Log" library="BuiltIn">
<arg>${LinkText}</arg>
<doc>Logs the given message with the given level.</doc>
<msg timestamp="20230203 17:53:57.352" level="INFO">Markdown versus HTML</msg>
<status status="PASS" starttime="20230203 17:53:57.351" endtime="20230203 17:53:57.352"/>
</kw>
<status status="PASS" starttime="20230203 17:53:57.208" endtime="20230203 17:53:57.353"/>
</iter>
<iter>
<var name="${i}">91</var>
<kw name="Get Text" library="SeleniumLibrary">
<var>${LinkText}</var>
<arg>xpath:(//a)[${i}]</arg>
<doc>Returns the text value of the element identified by ``locator``.</doc>
<msg timestamp="20230203 17:53:57.449" level="INFO">${LinkText} = Example domains and names</msg>
<status status="PASS" starttime="20230203 17:53:57.354" endtime="20230203 17:53:57.449"/>
</kw>
<kw name="Log" library="BuiltIn">
<arg>${LinkText}</arg>
<doc>Logs the given message with the given level.</doc>
<msg timestamp="20230203 17:53:57.451" level="INFO">Example domains and names</msg>
<status status="PASS" starttime="20230203 17:53:57.450" endtime="20230203 17:53:57.452"/>
</kw>
<status status="PASS" starttime="20230203 17:53:57.353" endtime="20230203 17:53:57.452"/>
</iter>
<iter>
<var name="${i}">92</var>
<kw name="Get Text" library="SeleniumLibrary">
<var>${LinkText}</var>
<arg>xpath:(//a)[${i}]</arg>
<doc>Returns the text value of the element identified by ``locator``.</doc>
<msg timestamp="20230203 17:53:57.526" level="INFO">${LinkText} = Filenames</msg>
<status status="PASS" starttime="20230203 17:53:57.454" endtime="20230203 17:53:57.527"/>
</kw>
<kw name="Log" library="BuiltIn">
<arg>${LinkText}</arg>
<doc>Logs the given message with the given level.</doc>
<msg timestamp="20230203 17:53:57.529" level="INFO">Filenames</msg>
<status status="PASS" starttime="20230203 17:53:57.528" endtime="20230203 17:53:57.530"/>
</kw>
<status status="PASS" starttime="20230203 17:53:57.453" endtime="20230203 17:53:57.531"/>
</iter>
<iter>
<var name="${i}">93</var>
<kw name="Get Text" library="SeleniumLibrary">
<var>${LinkText}</var>
<arg>xpath:(//a)[${i}]</arg>
<doc>Returns the text value of the element identified by ``locator``.</doc>
<msg timestamp="20230203 17:53:57.737" level="INFO">${LinkText} = Trademarks</msg>
<status status="PASS" starttime="20230203 17:53:57.532" endtime="20230203 17:53:57.737"/>
</kw>
<kw name="Log" library="BuiltIn">
<arg>${LinkText}</arg>
<doc>Logs the given message with the given level.</doc>
<msg timestamp="20230203 17:53:57.738" level="INFO">Trademarks</msg>
<status status="PASS" starttime="20230203 17:53:57.738" endtime="20230203 17:53:57.739"/>
</kw>
<status status="PASS" starttime="20230203 17:53:57.531" endtime="20230203 17:53:57.739"/>
</iter>
<iter>
<var name="${i}">94</var>
<kw name="Get Text" library="SeleniumLibrary">
<var>${LinkText}</var>
<arg>xpath:(//a)[${i}]</arg>
<doc>Returns the text value of the element identified by ``locator``.</doc>
<msg timestamp="20230203 17:53:57.835" level="INFO">${LinkText} = Structure link text</msg>
<status status="PASS" starttime="20230203 17:53:57.740" endtime="20230203 17:53:57.835"/>
</kw>
<kw name="Log" library="BuiltIn">
<arg>${LinkText}</arg>
<doc>Logs the given message with the given level.</doc>
<msg timestamp="20230203 17:53:57.836" level="INFO">Structure link text</msg>
<status status="PASS" starttime="20230203 17:53:57.836" endtime="20230203 17:53:57.837"/>
</kw>
<status status="PASS" starttime="20230203 17:53:57.740" endtime="20230203 17:53:57.837"/>
</iter>
<iter>
<var name="${i}">95</var>
<kw name="Get Text" library="SeleniumLibrary">
<var>${LinkText}</var>
<arg>xpath:(//a)[${i}]</arg>
<doc>Returns the text value of the element identified by ``locator``.</doc>
<msg timestamp="20230203 17:53:57.915" level="INFO">${LinkText} = Write link text</msg>
<status status="PASS" starttime="20230203 17:53:57.838" endtime="20230203 17:53:57.915"/>
</kw>
<kw name="Log" library="BuiltIn">
<arg>${LinkText}</arg>
<doc>Logs the given message with the given level.</doc>
<msg timestamp="20230203 17:53:57.917" level="INFO">Write link text</msg>
<status status="PASS" starttime="20230203 17:53:57.916" endtime="20230203 17:53:57.917"/>
</kw>
<status status="PASS" starttime="20230203 17:53:57.837" endtime="20230203 17:53:57.918"/>
</iter>
<iter>
<var name="${i}">96</var>
<kw name="Get Text" library="SeleniumLibrary">
<var>${LinkText}</var>
<arg>xpath:(//a)[${i}]</arg>
<doc>Returns the text value of the element identified by ``locator``.</doc>
<msg timestamp="20230203 17:53:58.187" level="INFO">${LinkText} = Punctuation with links</msg>
<status status="PASS" starttime="20230203 17:53:57.919" endtime="20230203 17:53:58.187"/>
</kw>
<kw name="Log" library="BuiltIn">
<arg>${LinkText}</arg>
<doc>Logs the given message with the given level.</doc>
<msg timestamp="20230203 17:53:58.188" level="INFO">Punctuation with links</msg>
<status status="PASS" starttime="20230203 17:53:58.187" endtime="20230203 17:53:58.188"/>
</kw>
<status status="PASS" starttime="20230203 17:53:57.919" endtime="20230203 17:53:58.189"/>
</iter>
<iter>
<var name="${i}">97</var>
<kw name="Get Text" library="SeleniumLibrary">
<var>${LinkText}</var>
<arg>xpath:(//a)[${i}]</arg>
<doc>Returns the text value of the element identified by ``locator``.</doc>
<msg timestamp="20230203 17:53:58.279" level="INFO">${LinkText} = Style link text</msg>
<status status="PASS" starttime="20230203 17:53:58.190" endtime="20230203 17:53:58.279"/>
</kw>
<kw name="Log" library="BuiltIn">
<arg>${LinkText}</arg>
<doc>Logs the given message with the given level.</doc>
<msg timestamp="20230203 17:53:58.281" level="INFO">Style link text</msg>
<status status="PASS" starttime="20230203 17:53:58.280" endtime="20230203 17:53:58.281"/>
</kw>
<status status="PASS" starttime="20230203 17:53:58.189" endtime="20230203 17:53:58.282"/>
</iter>
<iter>
<var name="${i}">98</var>
<kw name="Get Text" library="SeleniumLibrary">
<var>${LinkText}</var>
<arg>xpath:(//a)[${i}]</arg>
<doc>Returns the text value of the element identified by ``locator``.</doc>
<msg timestamp="20230203 17:53:58.475" level="INFO">${LinkText} = Recommended for you</msg>
<status status="PASS" starttime="20230203 17:53:58.283" endtime="20230203 17:53:58.476"/>
</kw>
<kw name="Log" library="BuiltIn">
<arg>${LinkText}</arg>
<doc>Logs the given message with the given level.</doc>
<msg timestamp="20230203 17:53:58.478" level="INFO">Recommended for you</msg>
<status status="PASS" starttime="20230203 17:53:58.476" endtime="20230203 17:53:58.479"/>
</kw>
<status status="PASS" starttime="20230203 17:53:58.282" endtime="20230203 17:53:58.479"/>
</iter>
<iter>
<var name="${i}">99</var>
<kw name="Get Text" library="SeleniumLibrary">
<var>${LinkText}</var>
<arg>xpath:(//a)[${i}]</arg>
<doc>Returns the text value of the element identified by ``locator``.</doc>
<msg timestamp="20230203 17:53:58.569" level="INFO">${LinkText} = Dates and times</msg>
<status status="PASS" starttime="20230203 17:53:58.481" endtime="20230203 17:53:58.569"/>
</kw>
<kw name="Log" library="BuiltIn">
<arg>${LinkText}</arg>
<doc>Logs the given message with the given level.</doc>
<msg timestamp="20230203 17:53:58.571" level="INFO">Dates and times</msg>
<status status="PASS" starttime="20230203 17:53:58.570" endtime="20230203 17:53:58.571"/>
</kw>
<status status="PASS" starttime="20230203 17:53:58.480" endtime="20230203 17:53:58.572"/>
</iter>
<iter>
<var name="${i}">100</var>
<kw name="Get Text" library="SeleniumLibrary">
<var>${LinkText}</var>
<arg>xpath:(//a)[${i}]</arg>
<doc>Returns the text value of the element identified by ``locator``.</doc>
<msg timestamp="20230203 17:53:58.648" level="INFO">${LinkText} = Make headings into link targets</msg>
<status status="PASS" starttime="20230203 17:53:58.573" endtime="20230203 17:53:58.648"/>
</kw>
<kw name="Log" library="BuiltIn">
<arg>${LinkText}</arg>
<doc>Logs the given message with the given level.</doc>
<msg timestamp="20230203 17:53:58.650" level="INFO">Make headings into link targets</msg>
<status status="PASS" starttime="20230203 17:53:58.649" endtime="20230203 17:53:58.650"/>
</kw>
<status status="PASS" starttime="20230203 17:53:58.573" endtime="20230203 17:53:58.651"/>
</iter>
<iter>
<var name="${i}">101</var>
<kw name="Get Text" library="SeleniumLibrary">
<var>${LinkText}</var>
<arg>xpath:(//a)[${i}]</arg>
<doc>Returns the text value of the element identified by ``locator``.</doc>
<msg timestamp="20230203 17:53:58.799" level="INFO">${LinkText} = Abbreviations</msg>
<status status="PASS" starttime="20230203 17:53:58.652" endtime="20230203 17:53:58.799"/>
</kw>
<kw name="Log" library="BuiltIn">
<arg>${LinkText}</arg>
<doc>Logs the given message with the given level.</doc>
<msg timestamp="20230203 17:53:58.802" level="INFO">Abbreviations</msg>
<status status="PASS" starttime="20230203 17:53:58.800" endtime="20230203 17:53:58.803"/>
</kw>
<status status="PASS" starttime="20230203 17:53:58.651" endtime="20230203 17:53:58.803"/>
</iter>
<iter>
<var name="${i}">102</var>
<kw name="Get Text" library="SeleniumLibrary">
<var>${LinkText}</var>
<arg>xpath:(//a)[${i}]</arg>
<doc>Returns the text value of the element identified by ``locator``.</doc>
<msg timestamp="20230203 17:53:58.932" level="INFO">${LinkText} = Home</msg>
<status status="PASS" starttime="20230203 17:53:58.804" endtime="20230203 17:53:58.932"/>
</kw>
<kw name="Log" library="BuiltIn">
<arg>${LinkText}</arg>
[...]
</kw>
<kw name="Log" library="BuiltIn">
<arg>${LinkText}</arg>
<doc>Logs the given message with the given level.</doc>
<msg timestamp="20230203 17:54:02.633" level="INFO">Google Developer Student Clubs</msg>
<status status="PASS" starttime="20230203 17:54:02.632" endtime="20230203 17:54:02.633"/>
</kw>
<status status="PASS" starttime="20230203 17:54:02.550" endtime="20230203 17:54:02.635"/>
</iter>
<iter>
<var name="${i}">144</var>
<kw name="Get Text" library="SeleniumLibrary">
<var>${LinkText}</var>
<arg>xpath:(//a)[${i}]</arg>
<doc>Returns the text value of the element identified by ``locator``.</doc>
<msg timestamp="20230203 17:54:02.739" level="INFO">${LinkText} = Google API Console</msg>
<status status="PASS" starttime="20230203 17:54:02.637" endtime="20230203 17:54:02.739"/>
</kw>
<kw name="Log" library="BuiltIn">
<arg>${LinkText}</arg>
<doc>Logs the given message with the given level.</doc>
<msg timestamp="20230203 17:54:02.741" level="INFO">Google API Console</msg>
<status status="PASS" starttime="20230203 17:54:02.740" endtime="20230203 17:54:02.741"/>
</kw>
<status status="PASS" starttime="20230203 17:54:02.636" endtime="20230203 17:54:02.742"/>
</iter>
<iter>
<var name="${i}">145</var>
<kw name="Get Text" library="SeleniumLibrary">
<var>${LinkText}</var>
<arg>xpath:(//a)[${i}]</arg>
<doc>Returns the text value of the element identified by ``locator``.</doc>
<msg timestamp="20230203 17:54:02.852" level="INFO">${LinkText} = Google Cloud Platform Console</msg>
<status status="PASS" starttime="20230203 17:54:02.744" endtime="20230203 17:54:02.853"/>
</kw>
<kw name="Log" library="BuiltIn">
<arg>${LinkText}</arg>
<doc>Logs the given message with the given level.</doc>
<msg timestamp="20230203 17:54:02.855" level="INFO">Google Cloud Platform Console</msg>
<status status="PASS" starttime="20230203 17:54:02.854" endtime="20230203 17:54:02.855"/>
</kw>
<status status="PASS" starttime="20230203 17:54:02.743" endtime="20230203 17:54:02.856"/>
</iter>
<iter>
<var name="${i}">146</var>
<kw name="Get Text" library="SeleniumLibrary">
<var>${LinkText}</var>
<arg>xpath:(//a)[${i}]</arg>
<doc>Returns the text value of the element identified by ``locator``.</doc>
<msg timestamp="20230203 17:54:03.078" level="INFO">${LinkText} = Google Play Console</msg>
<status status="PASS" starttime="20230203 17:54:02.857" endtime="20230203 17:54:03.079"/>
</kw>
<kw name="Log" library="BuiltIn">
<arg>${LinkText}</arg>
<doc>Logs the given message with the given level.</doc>
<msg timestamp="20230203 17:54:03.081" level="INFO">Google Play Console</msg>
<status status="PASS" starttime="20230203 17:54:03.080" endtime="20230203 17:54:03.081"/>
</kw>
<status status="PASS" starttime="20230203 17:54:02.856" endtime="20230203 17:54:03.082"/>
</iter>
<iter>
<var name="${i}">147</var>
<kw name="Get Text" library="SeleniumLibrary">
<var>${LinkText}</var>
<arg>xpath:(//a)[${i}]</arg>
<doc>Returns the text value of the element identified by ``locator``.</doc>
<msg timestamp="20230203 17:54:03.171" level="INFO">${LinkText} = Firebase Console</msg>
<status status="PASS" starttime="20230203 17:54:03.084" endtime="20230203 17:54:03.171"/>
</kw>
<kw name="Log" library="BuiltIn">
<arg>${LinkText}</arg>
<doc>Logs the given message with the given level.</doc>
<msg timestamp="20230203 17:54:03.174" level="INFO">Firebase Console</msg>
<status status="PASS" starttime="20230203 17:54:03.172" endtime="20230203 17:54:03.174"/>
</kw>
<status status="PASS" starttime="20230203 17:54:03.083" endtime="20230203 17:54:03.175"/>
</iter>
<iter>
<var name="${i}">148</var>
<kw name="Get Text" library="SeleniumLibrary">
<var>${LinkText}</var>
<arg>xpath:(//a)[${i}]</arg>
<doc>Returns the text value of the element identified by ``locator``.</doc>
<msg timestamp="20230203 17:54:03.292" level="INFO">${LinkText} = Actions on Google Console</msg>
<status status="PASS" starttime="20230203 17:54:03.176" endtime="20230203 17:54:03.292"/>
</kw>
<kw name="Log" library="BuiltIn">
<arg>${LinkText}</arg>
<doc>Logs the given message with the given level.</doc>
<msg timestamp="20230203 17:54:03.293" level="INFO">Actions on Google Console</msg>
<status status="PASS" starttime="20230203 17:54:03.293" endtime="20230203 17:54:03.294"/>
</kw>
<status status="PASS" starttime="20230203 17:54:03.175" endtime="20230203 17:54:03.294"/>
</iter>
<iter>
<var name="${i}">149</var>
<kw name="Get Text" library="SeleniumLibrary">
<var>${LinkText}</var>
<arg>xpath:(//a)[${i}]</arg>
<doc>Returns the text value of the element identified by ``locator``.</doc>
<msg timestamp="20230203 17:54:03.374" level="INFO">${LinkText} = Cast SDK Developer Console</msg>
<status status="PASS" starttime="20230203 17:54:03.295" endtime="20230203 17:54:03.375"/>
</kw>
<kw name="Log" library="BuiltIn">
<arg>${LinkText}</arg>
<doc>Logs the given message with the given level.</doc>
<msg timestamp="20230203 17:54:03.377" level="INFO">Cast SDK Developer Console</msg>
<status status="PASS" starttime="20230203 17:54:03.376" endtime="20230203 17:54:03.377"/>
</kw>
<status status="PASS" starttime="20230203 17:54:03.295" endtime="20230203 17:54:03.378"/>
</iter>
<iter>
<var name="${i}">150</var>
<kw name="Get Text" library="SeleniumLibrary">
<var>${LinkText}</var>
<arg>xpath:(//a)[${i}]</arg>
<doc>Returns the text value of the element identified by ``locator``.</doc>
<msg timestamp="20230203 17:54:03.448" level="INFO">${LinkText} = Chrome Web Store Dashboard</msg>
<status status="PASS" starttime="20230203 17:54:03.379" endtime="20230203 17:54:03.448"/>
</kw>
<kw name="Log" library="BuiltIn">
<arg>${LinkText}</arg>
<doc>Logs the given message with the given level.</doc>
<msg timestamp="20230203 17:54:03.450" level="INFO">Chrome Web Store Dashboard</msg>
<status status="PASS" starttime="20230203 17:54:03.449" endtime="20230203 17:54:03.450"/>
</kw>
<status status="PASS" starttime="20230203 17:54:03.378" endtime="20230203 17:54:03.451"/>
</iter>
<iter>
<var name="${i}">151</var>
<kw name="Get Text" library="SeleniumLibrary">
<var>${LinkText}</var>
<arg>xpath:(//a)[${i}]</arg>
<doc>Returns the text value of the element identified by ``locator``.</doc>
<msg timestamp="20230203 17:54:03.541" level="INFO">${LinkText} = </msg>
<status status="PASS" starttime="20230203 17:54:03.454" endtime="20230203 17:54:03.541"/>
</kw>
<kw name="Log" library="BuiltIn">
<arg>${LinkText}</arg>
<doc>Logs the given message with the given level.</doc>
<msg timestamp="20230203 17:54:03.543" level="INFO"/>
<status status="PASS" starttime="20230203 17:54:03.542" endtime="20230203 17:54:03.543"/>
</kw>
<status status="PASS" starttime="20230203 17:54:03.452" endtime="20230203 17:54:03.544"/>
</iter>
<iter>
<var name="${i}">152</var>
<kw name="Get Text" library="SeleniumLibrary">
<var>${LinkText}</var>
<arg>xpath:(//a)[${i}]</arg>
<doc>Returns the text value of the element identified by ``locator``.</doc>
<msg timestamp="20230203 17:54:03.623" level="INFO">${LinkText} = Android</msg>
<status status="PASS" starttime="20230203 17:54:03.545" endtime="20230203 17:54:03.624"/>
</kw>
<kw name="Log" library="BuiltIn">
<arg>${LinkText}</arg>
<doc>Logs the given message with the given level.</doc>
<msg timestamp="20230203 17:54:03.626" level="INFO">Android</msg>
<status status="PASS" starttime="20230203 17:54:03.625" endtime="20230203 17:54:03.627"/>
</kw>
<status status="PASS" starttime="20230203 17:54:03.545" endtime="20230203 17:54:03.628"/>
</iter>
<iter>
<var name="${i}">153</var>
<kw name="Get Text" library="SeleniumLibrary">
<var>${LinkText}</var>
<arg>xpath:(//a)[${i}]</arg>
<doc>Returns the text value of the element identified by ``locator``.</doc>
<msg timestamp="20230203 17:54:03.719" level="INFO">${LinkText} = Chrome</msg>
<status status="PASS" starttime="20230203 17:54:03.630" endtime="20230203 17:54:03.719"/>
</kw>
<kw name="Log" library="BuiltIn">
<arg>${LinkText}</arg>
<doc>Logs the given message with the given level.</doc>
<msg timestamp="20230203 17:54:03.720" level="INFO">Chrome</msg>
<status status="PASS" starttime="20230203 17:54:03.719" endtime="20230203 17:54:03.721"/>
</kw>
<status status="PASS" starttime="20230203 17:54:03.629" endtime="20230203 17:54:03.721"/>
</iter>
<iter>
<var name="${i}">154</var>
<kw name="Get Text" library="SeleniumLibrary">
<var>${LinkText}</var>
<arg>xpath:(//a)[${i}]</arg>
<doc>Returns the text value of the element identified by ``locator``.</doc>
<msg timestamp="20230203 17:54:03.820" level="INFO">${LinkText} = Firebase</msg>
<status status="PASS" starttime="20230203 17:54:03.723" endtime="20230203 17:54:03.820"/>
</kw>
<kw name="Log" library="BuiltIn">
<arg>${LinkText}</arg>
<doc>Logs the given message with the given level.</doc>
<msg timestamp="20230203 17:54:03.821" level="INFO">Firebase</msg>
<status status="PASS" starttime="20230203 17:54:03.821" endtime="20230203 17:54:03.822"/>
</kw>
<status status="PASS" starttime="20230203 17:54:03.722" endtime="20230203 17:54:03.822"/>
</iter>
<iter>
<var name="${i}">155</var>
<kw name="Get Text" library="SeleniumLibrary">
<var>${LinkText}</var>
<arg>xpath:(//a)[${i}]</arg>
<doc>Returns the text value of the element identified by ``locator``.</doc>
<msg timestamp="20230203 17:54:04.042" level="INFO">${LinkText} = Google Cloud Platform</msg>
<status status="PASS" starttime="20230203 17:54:03.823" endtime="20230203 17:54:04.043"/>
</kw>
<kw name="Log" library="BuiltIn">
<arg>${LinkText}</arg>
<doc>Logs the given message with the given level.</doc>
<msg timestamp="20230203 17:54:04.048" level="INFO">Google Cloud Platform</msg>
<status status="PASS" starttime="20230203 17:54:04.047" endtime="20230203 17:54:04.049"/>
</kw>
<status status="PASS" starttime="20230203 17:54:03.822" endtime="20230203 17:54:04.049"/>
</iter>
<iter>
<var name="${i}">156</var>
<kw name="Get Text" library="SeleniumLibrary">
<var>${LinkText}</var>
<arg>xpath:(//a)[${i}]</arg>
<doc>Returns the text value of the element identified by ``locator``.</doc>
<msg timestamp="20230203 17:54:04.289" level="INFO">${LinkText} = All products</msg>
<status status="PASS" starttime="20230203 17:54:04.053" endtime="20230203 17:54:04.289"/>
</kw>
<kw name="Log" library="BuiltIn">
<arg>${LinkText}</arg>
<doc>Logs the given message with the given level.</doc>
<msg timestamp="20230203 17:54:04.292" level="INFO">All products</msg>
<status status="PASS" starttime="20230203 17:54:04.290" endtime="20230203 17:54:04.292"/>
</kw>
<status status="PASS" starttime="20230203 17:54:04.052" endtime="20230203 17:54:04.293"/>
</iter>
<iter>
<var name="${i}">157</var>
<kw name="Get Text" library="SeleniumLibrary">
<var>${LinkText}</var>
<arg>xpath:(//a)[${i}]</arg>
<doc>Returns the text value of the element identified by ``locator``.</doc>
<msg timestamp="20230203 17:54:04.386" level="INFO">${LinkText} = Terms</msg>
<status status="PASS" starttime="20230203 17:54:04.295" endtime="20230203 17:54:04.387"/>
</kw>
<kw name="Log" library="BuiltIn">
<arg>${LinkText}</arg>
<doc>Logs the given message with the given level.</doc>
<msg timestamp="20230203 17:54:04.389" level="INFO">Terms</msg>
<status status="PASS" starttime="20230203 17:54:04.388" endtime="20230203 17:54:04.390"/>
</kw>
<status status="PASS" starttime="20230203 17:54:04.294" endtime="20230203 17:54:04.390"/>
</iter>
<iter>
<var name="${i}">158</var>
<kw name="Get Text" library="SeleniumLibrary">
<var>${LinkText}</var>
<arg>xpath:(//a)[${i}]</arg>
<doc>Returns the text value of the element identified by ``locator``.</doc>
<msg timestamp="20230203 17:54:04.476" level="INFO">${LinkText} = Privacy</msg>
<status status="PASS" starttime="20230203 17:54:04.392" endtime="20230203 17:54:04.477"/>
</kw>
<kw name="Log" library="BuiltIn">
<arg>${LinkText}</arg>
<doc>Logs the given message with the given level.</doc>
<msg timestamp="20230203 17:54:04.479" level="INFO">Privacy</msg>
<status status="PASS" starttime="20230203 17:54:04.478" endtime="20230203 17:54:04.480"/>
</kw>
<status status="PASS" starttime="20230203 17:54:04.391" endtime="20230203 17:54:04.480"/>
</iter>
<iter>
<var name="${i}">159</var>
<kw name="Get Text" library="SeleniumLibrary">
<var>${LinkText}</var>
<arg>xpath:(//a)[${i}]</arg>
<doc>Returns the text value of the element identified by ``locator``.</doc>
<msg timestamp="20230203 17:54:04.561" level="INFO">${LinkText} = Subscribe</msg>
<status status="PASS" starttime="20230203 17:54:04.481" endtime="20230203 17:54:04.561"/>
</kw>
<kw name="Log" library="BuiltIn">
<arg>${LinkText}</arg>
<doc>Logs the given message with the given level.</doc>
<msg timestamp="20230203 17:54:04.564" level="INFO">Subscribe</msg>
<status status="PASS" starttime="20230203 17:54:04.562" endtime="20230203 17:54:04.565"/>
</kw>
<status status="PASS" starttime="20230203 17:54:04.480" endtime="20230203 17:54:04.565"/>
</iter>
<iter>
<var name="${i}">160</var>
<kw name="Get Text" library="SeleniumLibrary">
<var>${LinkText}</var>
<arg>xpath:(//a)[${i}]</arg>
<doc>Returns the text value of the element identified by ``locator``.</doc>
<msg timestamp="20230203 17:54:04.639" level="INFO">${LinkText} = </msg>
<status status="PASS" starttime="20230203 17:54:04.568" endtime="20230203 17:54:04.639"/>
</kw>
<kw name="Log" library="BuiltIn">
<arg>${LinkText}</arg>
<doc>Logs the given message with the given level.</doc>
<msg timestamp="20230203 17:54:04.640" level="INFO"/>
<status status="PASS" starttime="20230203 17:54:04.640" endtime="20230203 17:54:04.641"/>
</kw>
<status status="PASS" starttime="20230203 17:54:04.566" endtime="20230203 17:54:04.641"/>
</iter>
<iter>
<var name="${i}">161</var>
<kw name="Get Text" library="SeleniumLibrary">
<var>${LinkText}</var>
<arg>xpath:(//a)[${i}]</arg>
<doc>Returns the text value of the element identified by ``locator``.</doc>
<msg timestamp="20230203 17:54:04.711" level="INFO">${LinkText} = </msg>
<status status="PASS" starttime="20230203 17:54:04.642" endtime="20230203 17:54:04.712"/>
</kw>
<kw name="Log" library="BuiltIn">
<arg>${LinkText}</arg>
<doc>Logs the given message with the given level.</doc>
<msg timestamp="20230203 17:54:04.714" level="INFO"/>
<status status="PASS" starttime="20230203 17:54:04.713" endtime="20230203 17:54:04.715"/>
</kw>
<status status="PASS" starttime="20230203 17:54:04.641" endtime="20230203 17:54:04.716"/>
</iter>
<iter>
<var name="${i}">162</var>
<kw name="Get Text" library="SeleniumLibrary">
<var>${LinkText}</var>
<arg>xpath:(//a)[${i}]</arg>
<doc>Returns the text value of the element identified by ``locator``.</doc>
<msg timestamp="20230203 17:54:04.817" level="INFO">${LinkText} = </msg>
<status status="PASS" starttime="20230203 17:54:04.717" endtime="20230203 17:54:04.817"/>
</kw>
<kw name="Log" library="BuiltIn">
<arg>${LinkText}</arg>
<doc>Logs the given message with the given level.</doc>
<msg timestamp="20230203 17:54:04.819" level="INFO"/>
<status status="PASS" starttime="20230203 17:54:04.818" endtime="20230203 17:54:04.820"/>
</kw>
<status status="PASS" starttime="20230203 17:54:04.717" endtime="20230203 17:54:04.820"/>
</iter>
<iter>
<var name="${i}">163</var>
<kw name="Get Text" library="SeleniumLibrary">
<var>${LinkText}</var>
<arg>xpath:(//a)[${i}]</arg>
<doc>Returns the text value of the element identified by ``locator``.</doc>
<msg timestamp="20230203 17:54:04.901" level="INFO">${LinkText} = </msg>
<status status="PASS" starttime="20230203 17:54:04.822" endtime="20230203 17:54:04.902"/>
</kw>
<kw name="Log" library="BuiltIn">
<arg>${LinkText}</arg>
<doc>Logs the given message with the given level.</doc>
<msg timestamp="20230203 17:54:04.904" level="INFO"/>
<status status="PASS" starttime="20230203 17:54:04.902" endtime="20230203 17:54:04.904"/>
</kw>
<status status="PASS" starttime="20230203 17:54:04.821" endtime="20230203 17:54:04.905"/>
</iter>
<iter>
<var name="${i}">164</var>
<kw name="Get Text" library="SeleniumLibrary">
<var>${LinkText}</var>
<arg>xpath:(//a)[${i}]</arg>
<doc>Returns the text value of the element identified by ``locator``.</doc>
<msg timestamp="20230203 17:54:04.985" level="INFO">${LinkText} = </msg>
<status status="PASS" starttime="20230203 17:54:04.907" endtime="20230203 17:54:04.985"/>
</kw>
<kw name="Log" library="BuiltIn">
<arg>${LinkText}</arg>
<doc>Logs the given message with the given level.</doc>
<msg timestamp="20230203 17:54:04.987" level="INFO"/>
<status status="PASS" starttime="20230203 17:54:04.986" endtime="20230203 17:54:04.988"/>
</kw>
<status status="PASS" starttime="20230203 17:54:04.906" endtime="20230203 17:54:04.989"/>
</iter>
<iter>
<var name="${i}">165</var>
<kw name="Get Text" library="SeleniumLibrary">
<var>${LinkText}</var>
<arg>xpath:(//a)[${i}]</arg>
<doc>Returns the text value of the element identified by ``locator``.</doc>
<msg timestamp="20230203 17:54:05.072" level="INFO">${LinkText} = </msg>
<status status="PASS" starttime="20230203 17:54:04.991" endtime="20230203 17:54:05.073"/>
</kw>
<kw name="Log" library="BuiltIn">
<arg>${LinkText}</arg>
<doc>Logs the given message with the given level.</doc>
<msg timestamp="20230203 17:54:05.076" level="INFO"/>
<status status="PASS" starttime="20230203 17:54:05.074" endtime="20230203 17:54:05.077"/>
</kw>
<status status="PASS" starttime="20230203 17:54:04.990" endtime="20230203 17:54:05.077"/>
</iter>
<iter>
<var name="${i}">166</var>
<kw name="Get Text" library="SeleniumLibrary">
<var>${LinkText}</var>
<arg>xpath:(//a)[${i}]</arg>
<doc>Returns the text value of the element identified by ``locator``.</doc>
<msg timestamp="20230203 17:54:05.163" level="INFO">${LinkText} = </msg>
<status status="PASS" starttime="20230203 17:54:05.080" endtime="20230203 17:54:05.163"/>
</kw>
<kw name="Log" library="BuiltIn">
<arg>${LinkText}</arg>
<doc>Logs the given message with the given level.</doc>
<msg timestamp="20230203 17:54:05.165" level="INFO"/>
<status status="PASS" starttime="20230203 17:54:05.164" endtime="20230203 17:54:05.165"/>
</kw>
<status status="PASS" starttime="20230203 17:54:05.079" endtime="20230203 17:54:05.166"/>
</iter>
<iter>
<var name="${i}">167</var>
<kw name="Get Text" library="SeleniumLibrary">
<var>${LinkText}</var>
<arg>xpath:(//a)[${i}]</arg>
<doc>Returns the text value of the element identified by ``locator``.</doc>
<msg timestamp="20230203 17:54:05.280" level="INFO">${LinkText} = </msg>
<status status="PASS" starttime="20230203 17:54:05.167" endtime="20230203 17:54:05.280"/>
</kw>
<kw name="Log" library="BuiltIn">
<arg>${LinkText}</arg>
<doc>Logs the given message with the given level.</doc>
<msg timestamp="20230203 17:54:05.282" level="INFO"/>
<status status="PASS" starttime="20230203 17:54:05.281" endtime="20230203 17:54:05.282"/>
</kw>
<status status="PASS" starttime="20230203 17:54:05.166" endtime="20230203 17:54:05.283"/>
</iter>
<iter>
<var name="${i}">168</var>
<kw name="Get Text" library="SeleniumLibrary">
<var>${LinkText}</var>
<arg>xpath:(//a)[${i}]</arg>
<doc>Returns the text value of the element identified by ``locator``.</doc>
<msg timestamp="20230203 17:54:05.427" level="INFO">${LinkText} = </msg>
<status status="PASS" starttime="20230203 17:54:05.284" endtime="20230203 17:54:05.427"/>
</kw>
<kw name="Log" library="BuiltIn">
<arg>${LinkText}</arg>
<doc>Logs the given message with the given level.</doc>
<msg timestamp="20230203 17:54:05.429" level="INFO"/>
<status status="PASS" starttime="20230203 17:54:05.428" endtime="20230203 17:54:05.429"/>
</kw>
<status status="PASS" starttime="20230203 17:54:05.283" endtime="20230203 17:54:05.430"/>
</iter>
<status status="PASS" starttime="20230203 17:53:48.547" endtime="20230203 17:54:05.431"/>
</for>
<status status="PASS" starttime="20230203 17:53:38.660" endtime="20230203 17:54:05.432"/>
</test>
<status status="PASS" starttime="20230203 17:53:37.460" endtime="20230203 17:54:05.436"/>
</suite>
<statistics>
<total>
<stat pass="1" fail="0" skip="0">All Tests</stat>
</total>
<tag>
</tag>
<suite>
<stat pass="1" fail="0" skip="0" id="s1" name="GetAllLinks">GetAllLinks</stat>
</suite>
</statistics>
<errors>
</errors>
</robot>
