<?xml version="1.0" encoding="UTF-8"?>
<robot generator="Robot 6.0.2 (Python 3.11.1 on win32)" generated="20230213 21:51:21.443" rpa="false" schemaversion="3">
<suite id="s1" name="DBTesting" source="C:\Users\lua-b\OneDrive\Área de Trabalho\Robot\TestCases\DBTesting.robot">
<kw name="Connect To Database" library="DatabaseLibrary" type="SETUP">
<arg>pymysql</arg>
<arg>${DBName}</arg>
<arg>${DBUser}</arg>
<arg>${DBPassword}</arg>
<arg>${DBHost}</arg>
<arg>${DBPort}</arg>
<doc>Loads the DB API 2.0 module given `dbapiModuleName` then uses it to
connect to the database using `dbName`, `dbUsername`, and `dbPassword`.</doc>
<msg timestamp="20230213 21:51:21.612" level="INFO">Connecting using : pymysql.connect(db=mysql, user=root, passwd=root, host=localhost, port=5436, charset=None) </msg>
<status status="PASS" starttime="20230213 21:51:21.569" endtime="20230213 21:51:21.630"/>
</kw>
<test id="s1-t1" name="DeleteRecordsFromPersonTable" line="55">
<kw name="Execute Sql String" library="DatabaseLibrary">
<var>${output}</var>
<arg>delete from mysql.person;</arg>
<doc>Executes the sqlString as SQL commands. Useful to pass arguments to your sql. Set optional input `sansTran` to
True to run command without an explicit transaction commit or rollback.</doc>
<msg timestamp="20230213 21:51:21.633" level="INFO">Executing : Execute SQL String  |  delete from mysql.person; </msg>
<msg timestamp="20230213 21:51:21.641" level="INFO">${output} = None</msg>
<status status="PASS" starttime="20230213 21:51:21.632" endtime="20230213 21:51:21.641"/>
</kw>
<kw name="Should Be Equal As Strings" library="BuiltIn">
<arg>${output}</arg>
<arg>None</arg>
<doc>Fails if objects are unequal after converting them to strings.</doc>
<msg timestamp="20230213 21:51:21.643" level="INFO">Argument types are:
&lt;class 'NoneType'&gt;
&lt;class 'str'&gt;</msg>
<status status="PASS" starttime="20230213 21:51:21.642" endtime="20230213 21:51:21.644"/>
</kw>
<status status="PASS" starttime="20230213 21:51:21.631" endtime="20230213 21:51:21.644"/>
</test>
<kw name="Disconnect From Database" library="DatabaseLibrary" type="TEARDOWN">
<doc>Disconnects from the database.</doc>
<msg timestamp="20230213 21:51:21.646" level="INFO">Executing : Disconnect From Database</msg>
<status status="PASS" starttime="20230213 21:51:21.646" endtime="20230213 21:51:21.647"/>
</kw>
<status status="PASS" starttime="20230213 21:51:21.450" endtime="20230213 21:51:21.647"/>
</suite>
<statistics>
<total>
<stat pass="1" fail="0" skip="0">All Tests</stat>
</total>
<tag>
</tag>
<suite>
<stat pass="1" fail="0" skip="0" id="s1" name="DBTesting">DBTesting</stat>
</suite>
</statistics>
<errors>
</errors>
</robot>
