<?xml version="1.0" encoding="UTF-8"?>
<robot generator="Robot 6.0.2 (Python 3.11.1 on win32)" generated="20230201 15:51:10.661" rpa="false" schemaversion="3">
<suite id="s1" name="Frames" source="C:\Users\lua-b\OneDrive\Área de Trabalho\Robot\TestCases\Frames.robot">
<test id="s1-t1" name="TestingFrames" line="5">
<kw name="Open Browser" library="SeleniumLibrary">
<arg>https://www.selenium.dev/selenium/docs/api/java/index.html?overview-summary.html</arg>
<arg>chrome</arg>
<doc>Opens a new browser instance to the optional ``url``.</doc>
<msg timestamp="20230201 15:51:11.734" level="INFO">Opening browser 'chrome' to base url 'https://www.selenium.dev/selenium/docs/api/java/index.html?overview-summary.html'.</msg>
<status status="PASS" starttime="20230201 15:51:11.731" endtime="20230201 15:51:23.377"/>
</kw>
<kw name="Select Frame" library="SeleniumLibrary">
<arg>packageListFrame</arg>
<doc>Sets frame identified by ``locator`` as the current frame.</doc>
<msg timestamp="20230201 15:51:23.379" level="INFO">Selecting frame 'packageListFrame'.</msg>
<status status="PASS" starttime="20230201 15:51:23.377" endtime="20230201 15:51:23.561"/>
</kw>
<kw name="Click Link" library="SeleniumLibrary">
<arg>org.openqa.selenium</arg>
<doc>Clicks a link identified by ``locator``.</doc>
<msg timestamp="20230201 15:51:23.563" level="INFO">Clicking link 'org.openqa.selenium'.</msg>
<status status="PASS" starttime="20230201 15:51:23.561" endtime="20230201 15:51:23.800"/>
</kw>
<kw name="Unselect Frame" library="SeleniumLibrary">
<doc>Sets the main frame as the current frame.</doc>
<status status="PASS" starttime="20230201 15:51:23.802" endtime="20230201 15:51:23.810"/>
</kw>
<kw name="Sleep" library="BuiltIn">
<arg>3</arg>
<doc>Pauses the test executed for the given time.</doc>
<msg timestamp="20230201 15:51:26.811" level="INFO">Slept 3 seconds</msg>
<status status="PASS" starttime="20230201 15:51:23.811" endtime="20230201 15:51:26.811"/>
</kw>
<kw name="Select Frame" library="SeleniumLibrary">
<arg>packageFrame</arg>
<doc>Sets frame identified by ``locator`` as the current frame.</doc>
<msg timestamp="20230201 15:51:26.812" level="INFO">Selecting frame 'packageFrame'.</msg>
<status status="PASS" starttime="20230201 15:51:26.812" endtime="20230201 15:51:26.864"/>
</kw>
<kw name="Click Link" library="SeleniumLibrary">
<arg>Alert</arg>
<doc>Clicks a link identified by ``locator``.</doc>
<msg timestamp="20230201 15:51:26.865" level="INFO">Clicking link 'Alert'.</msg>
<status status="PASS" starttime="20230201 15:51:26.864" endtime="20230201 15:51:27.024"/>
</kw>
<kw name="Unselect Frame" library="SeleniumLibrary">
<doc>Sets the main frame as the current frame.</doc>
<status status="PASS" starttime="20230201 15:51:27.024" endtime="20230201 15:51:27.032"/>
</kw>
<kw name="Sleep" library="BuiltIn">
<arg>3</arg>
<doc>Pauses the test executed for the given time.</doc>
<msg timestamp="20230201 15:51:30.035" level="INFO">Slept 3 seconds</msg>
<status status="PASS" starttime="20230201 15:51:27.033" endtime="20230201 15:51:30.036"/>
</kw>
<kw name="Select Frame" library="SeleniumLibrary">
<arg>classFrame</arg>
<doc>Sets frame identified by ``locator`` as the current frame.</doc>
<msg timestamp="20230201 15:51:30.037" level="INFO">Selecting frame 'classFrame'.</msg>
<status status="PASS" starttime="20230201 15:51:30.036" endtime="20230201 15:51:30.086"/>
</kw>
<kw name="Click Link" library="SeleniumLibrary">
<arg>Index</arg>
<doc>Clicks a link identified by ``locator``.</doc>
<msg timestamp="20230201 15:51:30.088" level="INFO">Clicking link 'Index'.</msg>
<status status="PASS" starttime="20230201 15:51:30.086" endtime="20230201 15:51:43.243"/>
</kw>
<kw name="Unselect Frame" library="SeleniumLibrary">
<doc>Sets the main frame as the current frame.</doc>
<status status="PASS" starttime="20230201 15:51:43.244" endtime="20230201 15:51:43.268"/>
</kw>
<kw name="Close Browser" library="SeleniumLibrary">
<doc>Closes the current browser.</doc>
<status status="PASS" starttime="20230201 15:51:43.268" endtime="20230201 15:51:45.809"/>
</kw>
<status status="PASS" starttime="20230201 15:51:11.719" endtime="20230201 15:51:45.809"/>
</test>
<status status="PASS" starttime="20230201 15:51:10.682" endtime="20230201 15:51:45.811"/>
</suite>
<statistics>
<total>
<stat pass="1" fail="0" skip="0">All Tests</stat>
</total>
<tag>
</tag>
<suite>
<stat pass="1" fail="0" skip="0" id="s1" name="Frames">Frames</stat>
</suite>
</statistics>
<errors>
</errors>
</robot>
