<?xml version="1.0" encoding="UTF-8"?>
<robot generator="Robot 6.0.2 (Python 3.11.1 on win32)" generated="20230203 16:39:02.126" rpa="false" schemaversion="3">
<suite id="s1" name="ScrollingThePage" source="C:\Users\lua-b\OneDrive\Área de Trabalho\Robot\TestCases\ScrollingThePage.robot">
<test id="s1-t1" name="ScrollingTest" line="5">
<kw name="Open Browser" library="SeleniumLibrary">
<arg>https://www.countries-ofthe-world.com/flags-of-the-world.html</arg>
<arg>chrome</arg>
<doc>Opens a new browser instance to the optional ``url``.</doc>
<msg timestamp="20230203 16:39:04.071" level="INFO">Opening browser 'chrome' to base url 'https://www.countries-ofthe-world.com/flags-of-the-world.html'.</msg>
<status status="PASS" starttime="20230203 16:39:04.069" endtime="20230203 16:39:09.375"/>
</kw>
<kw name="Maximize Browser Window" library="SeleniumLibrary">
<doc>Maximizes current browser window.</doc>
<status status="PASS" starttime="20230203 16:39:09.375" endtime="20230203 16:39:09.592"/>
</kw>
<kw name="Execute Javascript" library="SeleniumLibrary">
<arg>window.scrollTo(0, -document.body.scroll)</arg>
<doc>Executes the given JavaScript code with possible arguments.</doc>
<msg timestamp="20230203 16:39:09.595" level="INFO">Executing JavaScript:
window.scrollTo(0, -document.body.scroll)
Without any arguments.</msg>
<status status="PASS" starttime="20230203 16:39:09.593" endtime="20230203 16:39:09.635"/>
</kw>
<status status="PASS" starttime="20230203 16:39:04.060" endtime="20230203 16:39:09.635"/>
</test>
<status status="PASS" starttime="20230203 16:39:02.155" endtime="20230203 16:39:09.637"/>
</suite>
<statistics>
<total>
<stat pass="1" fail="0" skip="0">All Tests</stat>
</total>
<tag>
</tag>
<suite>
<stat pass="1" fail="0" skip="0" id="s1" name="ScrollingThePage">ScrollingThePage</stat>
</suite>
</statistics>
<errors>
</errors>
</robot>
