<?xml version="1.0" encoding="UTF-8"?>
<robot generator="Robot 6.0.2 (Python 3.11.1 on win32)" generated="20230212 23:54:44.599" rpa="false" schemaversion="3">
<suite id="s1" name="DDT2 Excel" source="C:\Users\lua-b\OneDrive\Área de Trabalho\Robot\TestCases\DDT2_Excel.robot">
<kw name="OpenMyBrowser" library="Login_Resources" type="SETUP">
<kw name="Open Browser" library="SeleniumLibrary">
<arg>${loginUrl}</arg>
<arg>${browser}</arg>
<doc>Opens a new browser instance to the optional ``url``.</doc>
<msg timestamp="20230212 23:54:46.395" level="INFO">Opening browser 'chrome' to base url 'https://admin-demo.nopcommerce.com'.</msg>
<status status="PASS" starttime="20230212 23:54:46.391" endtime="20230212 23:54:53.658"/>
</kw>
<kw name="Maximize Browser Window" library="SeleniumLibrary">
<doc>Maximizes current browser window.</doc>
<status status="PASS" starttime="20230212 23:54:53.659" endtime="20230212 23:54:53.784"/>
</kw>
<status status="PASS" starttime="20230212 23:54:46.390" endtime="20230212 23:54:53.785"/>
</kw>
<test id="s1-t1" name="LoginTestWithExcel using" line="11">
<kw name="InvalidLogin">
<arg>admin@yourstore.com</arg>
<arg>adm</arg>
<kw name="InputUsername" library="Login_Resources">
<arg>${username}</arg>
<kw name="Input Text" library="SeleniumLibrary">
<arg>id:Email</arg>
<arg>${username}</arg>
<doc>Types the given ``text`` into the text field identified by ``locator``.</doc>
<msg timestamp="20230212 23:54:53.792" level="INFO">Typing text 'admin@yourstore.com' into text field 'id:Email'.</msg>
<status status="PASS" starttime="20230212 23:54:53.791" endtime="20230212 23:54:54.010"/>
</kw>
<status status="PASS" starttime="20230212 23:54:53.790" endtime="20230212 23:54:54.010"/>
</kw>
<kw name="InputPwd" library="Login_Resources">
<arg>${password}</arg>
<kw name="Input Text" library="SeleniumLibrary">
<arg>id:Password</arg>
<arg>${password}</arg>
<doc>Types the given ``text`` into the text field identified by ``locator``.</doc>
<msg timestamp="20230212 23:54:54.014" level="INFO">Typing text 'adm' into text field 'id:Password'.</msg>
<status status="PASS" starttime="20230212 23:54:54.012" endtime="20230212 23:54:54.254"/>
</kw>
<status status="PASS" starttime="20230212 23:54:54.011" endtime="20230212 23:54:54.255"/>
</kw>
<kw name="ClickLoginButton" library="Login_Resources">
<kw name="Click Element" library="SeleniumLibrary">
<arg>xpath://button[contains(text(),'Log in')]</arg>
<doc>Click the element identified by ``locator``.</doc>
<msg timestamp="20230212 23:54:54.257" level="INFO">Clicking element 'xpath://button[contains(text(),'Log in')]'.</msg>
<status status="PASS" starttime="20230212 23:54:54.256" endtime="20230212 23:54:54.918"/>
</kw>
<status status="PASS" starttime="20230212 23:54:54.255" endtime="20230212 23:54:54.919"/>
</kw>
<kw name="ErrorMessageShouldBeVisible" library="Login_Resources">
<kw name="Page Should Contain" library="SeleniumLibrary">
<arg>Login was unsuccessful</arg>
<doc>Verifies that current page contains ``text``.</doc>
<msg timestamp="20230212 23:54:54.945" level="INFO">Current page contains text 'Login was unsuccessful'.</msg>
<status status="PASS" starttime="20230212 23:54:54.920" endtime="20230212 23:54:54.945"/>
</kw>
<status status="PASS" starttime="20230212 23:54:54.919" endtime="20230212 23:54:54.945"/>
</kw>
<status status="PASS" starttime="20230212 23:54:53.788" endtime="20230212 23:54:54.946"/>
</kw>
<status status="PASS" starttime="20230212 23:54:53.785" endtime="20230212 23:54:54.946"/>
</test>
<test id="s1-t2" name="LoginTestWithExcel using" line="11">
<kw name="InvalidLogin">
<arg>adm@yourstore.com</arg>
<arg>admin</arg>
<kw name="InputUsername" library="Login_Resources">
<arg>${username}</arg>
<kw name="Input Text" library="SeleniumLibrary">
<arg>id:Email</arg>
<arg>${username}</arg>
<doc>Types the given ``text`` into the text field identified by ``locator``.</doc>
<msg timestamp="20230212 23:54:54.952" level="INFO">Typing text 'adm@yourstore.com' into text field 'id:Email'.</msg>
<status status="PASS" starttime="20230212 23:54:54.951" endtime="20230212 23:54:55.119"/>
</kw>
<status status="PASS" starttime="20230212 23:54:54.951" endtime="20230212 23:54:55.120"/>
</kw>
<kw name="InputPwd" library="Login_Resources">
<arg>${password}</arg>
<kw name="Input Text" library="SeleniumLibrary">
<arg>id:Password</arg>
<arg>${password}</arg>
<doc>Types the given ``text`` into the text field identified by ``locator``.</doc>
<msg timestamp="20230212 23:54:55.122" level="INFO">Typing text 'admin' into text field 'id:Password'.</msg>
<status status="PASS" starttime="20230212 23:54:55.121" endtime="20230212 23:54:55.267"/>
</kw>
<status status="PASS" starttime="20230212 23:54:55.121" endtime="20230212 23:54:55.267"/>
</kw>
<kw name="ClickLoginButton" library="Login_Resources">
<kw name="Click Element" library="SeleniumLibrary">
<arg>xpath://button[contains(text(),'Log in')]</arg>
<doc>Click the element identified by ``locator``.</doc>
<msg timestamp="20230212 23:54:55.269" level="INFO">Clicking element 'xpath://button[contains(text(),'Log in')]'.</msg>
<status status="PASS" starttime="20230212 23:54:55.268" endtime="20230212 23:54:55.880"/>
</kw>
<status status="PASS" starttime="20230212 23:54:55.268" endtime="20230212 23:54:55.881"/>
</kw>
<kw name="ErrorMessageShouldBeVisible" library="Login_Resources">
<kw name="Page Should Contain" library="SeleniumLibrary">
<arg>Login was unsuccessful</arg>
<doc>Verifies that current page contains ``text``.</doc>
<msg timestamp="20230212 23:54:55.901" level="INFO">Current page contains text 'Login was unsuccessful'.</msg>
<status status="PASS" starttime="20230212 23:54:55.883" endtime="20230212 23:54:55.902"/>
</kw>
<status status="PASS" starttime="20230212 23:54:55.882" endtime="20230212 23:54:55.902"/>
</kw>
<status status="PASS" starttime="20230212 23:54:54.950" endtime="20230212 23:54:55.902"/>
</kw>
<status status="PASS" starttime="20230212 23:54:54.947" endtime="20230212 23:54:55.903"/>
</test>
<test id="s1-t3" name="LoginTestWithExcel using" line="11">
<kw name="InvalidLogin">
<arg>adm@yourstore.com</arg>
<arg>adm</arg>
<kw name="InputUsername" library="Login_Resources">
<arg>${username}</arg>
<kw name="Input Text" library="SeleniumLibrary">
<arg>id:Email</arg>
<arg>${username}</arg>
<doc>Types the given ``text`` into the text field identified by ``locator``.</doc>
<msg timestamp="20230212 23:54:55.908" level="INFO">Typing text 'adm@yourstore.com' into text field 'id:Email'.</msg>
<status status="PASS" starttime="20230212 23:54:55.907" endtime="20230212 23:54:56.075"/>
</kw>
<status status="PASS" starttime="20230212 23:54:55.907" endtime="20230212 23:54:56.076"/>
</kw>
<kw name="InputPwd" library="Login_Resources">
<arg>${password}</arg>
<kw name="Input Text" library="SeleniumLibrary">
<arg>id:Password</arg>
<arg>${password}</arg>
<doc>Types the given ``text`` into the text field identified by ``locator``.</doc>
<msg timestamp="20230212 23:54:56.080" level="INFO">Typing text 'adm' into text field 'id:Password'.</msg>
<status status="PASS" starttime="20230212 23:54:56.078" endtime="20230212 23:54:56.230"/>
</kw>
<status status="PASS" starttime="20230212 23:54:56.077" endtime="20230212 23:54:56.231"/>
</kw>
<kw name="ClickLoginButton" library="Login_Resources">
<kw name="Click Element" library="SeleniumLibrary">
<arg>xpath://button[contains(text(),'Log in')]</arg>
<doc>Click the element identified by ``locator``.</doc>
<msg timestamp="20230212 23:54:56.232" level="INFO">Clicking element 'xpath://button[contains(text(),'Log in')]'.</msg>
<status status="PASS" starttime="20230212 23:54:56.232" endtime="20230212 23:54:56.868"/>
</kw>
<status status="PASS" starttime="20230212 23:54:56.231" endtime="20230212 23:54:56.868"/>
</kw>
<kw name="ErrorMessageShouldBeVisible" library="Login_Resources">
<kw name="Page Should Contain" library="SeleniumLibrary">
<arg>Login was unsuccessful</arg>
<doc>Verifies that current page contains ``text``.</doc>
<msg timestamp="20230212 23:54:56.885" level="INFO">Current page contains text 'Login was unsuccessful'.</msg>
<status status="PASS" starttime="20230212 23:54:56.870" endtime="20230212 23:54:56.885"/>
</kw>
<status status="PASS" starttime="20230212 23:54:56.869" endtime="20230212 23:54:56.886"/>
</kw>
<status status="PASS" starttime="20230212 23:54:55.906" endtime="20230212 23:54:56.886"/>
</kw>
<status status="PASS" starttime="20230212 23:54:55.904" endtime="20230212 23:54:56.886"/>
</test>
<kw name="CloseBrowsers" library="Login_Resources" type="TEARDOWN">
<kw name="Close All Browsers" library="SeleniumLibrary">
<doc>Closes all open browsers and resets the browser cache.</doc>
<status status="PASS" starttime="20230212 23:54:56.888" endtime="20230212 23:55:04.401"/>
</kw>
<status status="PASS" starttime="20230212 23:54:56.887" endtime="20230212 23:55:04.402"/>
</kw>
<status status="PASS" starttime="20230212 23:54:44.618" endtime="20230212 23:55:04.402"/>
</suite>
<statistics>
<total>
<stat pass="3" fail="0" skip="0">All Tests</stat>
</total>
<tag>
</tag>
<suite>
<stat pass="3" fail="0" skip="0" id="s1" name="DDT2 Excel">DDT2 Excel</stat>
</suite>
</statistics>
<errors>
<msg timestamp="20230212 23:54:54.947" level="WARN">Multiple tests with name 'LoginTestWithExcel using' executed in suite 'DDT2 Excel'.</msg>
<msg timestamp="20230212 23:54:55.904" level="WARN">Multiple tests with name 'LoginTestWithExcel using' executed in suite 'DDT2 Excel'.</msg>
</errors>
</robot>
