<?xml version="1.0" encoding="UTF-8"?>
<robot generator="Robot 6.0.2 (Python 3.11.1 on win32)" generated="20230201 17:04:54.416" rpa="false" schemaversion="3">
<suite id="s1" name="MouseOperations" source="C:\Users\lua-b\OneDrive\Área de Trabalho\Robot\TestCases\MouseOperations.robot">
<test id="s1-t1" name="MouseActions" line="5">
<kw name="Open Browser" library="SeleniumLibrary">
<arg>http://swisnl.github.io/jQuery-contextMenu/demo.html</arg>
<arg>chrome</arg>
<doc>Opens a new browser instance to the optional ``url``.</doc>
<msg timestamp="20230201 17:04:55.935" level="INFO">Opening browser 'chrome' to base url 'http://swisnl.github.io/jQuery-contextMenu/demo.html'.</msg>
<status status="PASS" starttime="20230201 17:04:55.932" endtime="20230201 17:05:03.573"/>
</kw>
<kw name="Maximize Browser Window" library="SeleniumLibrary">
<doc>Maximizes current browser window.</doc>
<status status="PASS" starttime="20230201 17:05:03.574" endtime="20230201 17:05:03.767"/>
</kw>
<kw name="Open Context Menu" library="SeleniumLibrary">
<arg>xpath://span[@class='context-menu-one btn btn-neutral']</arg>
<doc>Opens the context menu on the element identified by ``locator``.</doc>
<status status="PASS" starttime="20230201 17:05:03.768" endtime="20230201 17:05:04.308"/>
</kw>
<kw name="Sleep" library="BuiltIn">
<arg>3</arg>
<doc>Pauses the test executed for the given time.</doc>
<msg timestamp="20230201 17:05:07.311" level="INFO">Slept 3 seconds</msg>
<status status="PASS" starttime="20230201 17:05:04.309" endtime="20230201 17:05:07.311"/>
</kw>
<status status="PASS" starttime="20230201 17:04:55.929" endtime="20230201 17:05:07.312"/>
</test>
<status status="PASS" starttime="20230201 17:04:54.439" endtime="20230201 17:05:07.313"/>
</suite>
<statistics>
<total>
<stat pass="1" fail="0" skip="0">All Tests</stat>
</total>
<tag>
</tag>
<suite>
<stat pass="1" fail="0" skip="0" id="s1" name="MouseOperations">MouseOperations</stat>
</suite>
</statistics>
<errors>
</errors>
</robot>
