<?xml version="1.0" encoding="UTF-8"?>
<robot generator="Robot 6.0.2 (Python 3.11.1 on win32)" generated="20230131 04:08:50.930" rpa="false" schemaversion="3">
<suite id="s1" name="InputBox" source="C:\Users\lua-b\OneDrive\Área de Trabalho\Robot\TestCases\InputBox.robot">
<test id="s1-t1" name="TestingInputBox" line="9">
<kw name="Open Browser" library="SeleniumLibrary">
<arg>${url}</arg>
<arg>${browser}</arg>
<doc>Opens a new browser instance to the optional ``url``.</doc>
<msg timestamp="20230131 04:08:51.720" level="INFO">Opening browser 'chrome' to base url 'https://demo.nopcommerce.com'.</msg>
<status status="PASS" starttime="20230131 04:08:51.719" endtime="20230131 04:08:57.226"/>
</kw>
<kw name="Maximize Browser Window" library="SeleniumLibrary">
<doc>Maximizes current browser window.</doc>
<status status="PASS" starttime="20230131 04:08:57.226" endtime="20230131 04:08:57.428"/>
</kw>
<kw name="Title Should Be" library="SeleniumLibrary">
<arg>nopCommerce demo store</arg>
<doc>Verifies that the current page title equals ``title``.</doc>
<msg timestamp="20230131 04:08:57.439" level="INFO">Page title is 'nopCommerce demo store'.</msg>
<status status="PASS" starttime="20230131 04:08:57.428" endtime="20230131 04:08:57.440"/>
</kw>
<kw name="Click Link" library="SeleniumLibrary">
<arg>xpath://a[@class='ico-login']</arg>
<doc>Clicks a link identified by ``locator``.</doc>
<msg timestamp="20230131 04:08:57.443" level="INFO">Clicking link 'xpath://a[@class='ico-login']'.</msg>
<status status="PASS" starttime="20230131 04:08:57.440" endtime="20230131 04:08:58.266"/>
</kw>
<kw name="Set Variable" library="BuiltIn">
<var>${"email_txt"}</var>
<arg>id:Email</arg>
<doc>Returns the given values which can then be assigned to a variables.</doc>
<msg timestamp="20230131 04:08:58.268" level="INFO">${"email_txt"} = id:Email</msg>
<status status="PASS" starttime="20230131 04:08:58.267" endtime="20230131 04:08:58.268"/>
</kw>
<kw name="Element Should Be Enabled" library="SeleniumLibrary">
<arg>${"email_txt"}</arg>
<doc>Verifies that element identified by ``locator`` is enabled.</doc>
<status status="PASS" starttime="20230131 04:08:58.269" endtime="20230131 04:08:58.408"/>
</kw>
<kw name="Element Should Be Visible" library="SeleniumLibrary">
<arg>${"email_txt"}</arg>
<doc>Verifies that the element identified by ``locator`` is visible.</doc>
<msg timestamp="20230131 04:08:58.438" level="INFO">Element 'id:Email' is displayed.</msg>
<status status="PASS" starttime="20230131 04:08:58.408" endtime="20230131 04:08:58.439"/>
</kw>
<status status="PASS" starttime="20230131 04:08:51.718" endtime="20230131 04:08:58.439"/>
</test>
<status status="PASS" starttime="20230131 04:08:50.936" endtime="20230131 04:08:58.442"/>
</suite>
<statistics>
<total>
<stat pass="1" fail="0" skip="0">All Tests</stat>
</total>
<tag>
</tag>
<suite>
<stat pass="1" fail="0" skip="0" id="s1" name="InputBox">InputBox</stat>
</suite>
</statistics>
<errors>
</errors>
</robot>
