<?xml version="1.0" encoding="UTF-8"?>
<robot generator="Robot 6.0.2 (Python 3.11.1 on win32)" generated="20230203 17:29:32.262" rpa="false" schemaversion="3">
<suite id="s1" name="ForLoop" source="C:\Users\lua-b\OneDrive\Área de Trabalho\Robot\TestCases\ForLoop.robot">
<test id="s1-t1" name="ForLoop5" line="26">
<kw name="Create List" library="BuiltIn">
<var>@{nameslist}</var>
<arg>john</arg>
<arg>david</arg>
<arg>smith</arg>
<arg>scott</arg>
<doc>Returns a list containing given items.</doc>
<msg timestamp="20230203 17:29:33.527" level="INFO">@{nameslist} = [ john | david | smith | scott ]</msg>
<status status="PASS" starttime="20230203 17:29:33.524" endtime="20230203 17:29:33.531"/>
</kw>
<for flavor="IN">
<var>${i}</var>
<value>@{nameslist}</value>
<iter>
<var name="${i}">john</var>
<kw name="Log" library="BuiltIn">
<arg>${i}</arg>
<doc>Logs the given message with the given level.</doc>
<msg timestamp="20230203 17:29:33.534" level="INFO">john</msg>
<status status="PASS" starttime="20230203 17:29:33.533" endtime="20230203 17:29:33.534"/>
</kw>
<status status="PASS" starttime="20230203 17:29:33.533" endtime="20230203 17:29:33.535"/>
</iter>
<iter>
<var name="${i}">david</var>
<kw name="Log" library="BuiltIn">
<arg>${i}</arg>
<doc>Logs the given message with the given level.</doc>
<msg timestamp="20230203 17:29:33.536" level="INFO">david</msg>
<status status="PASS" starttime="20230203 17:29:33.536" endtime="20230203 17:29:33.537"/>
</kw>
<status status="PASS" starttime="20230203 17:29:33.535" endtime="20230203 17:29:33.537"/>
</iter>
<iter>
<var name="${i}">smith</var>
<kw name="Log" library="BuiltIn">
<arg>${i}</arg>
<doc>Logs the given message with the given level.</doc>
<msg timestamp="20230203 17:29:33.539" level="INFO">smith</msg>
<status status="PASS" starttime="20230203 17:29:33.538" endtime="20230203 17:29:33.539"/>
</kw>
<status status="PASS" starttime="20230203 17:29:33.537" endtime="20230203 17:29:33.539"/>
</iter>
<iter>
<var name="${i}">scott</var>
<kw name="Log" library="BuiltIn">
<arg>${i}</arg>
<doc>Logs the given message with the given level.</doc>
<msg timestamp="20230203 17:29:33.542" level="INFO">scott</msg>
<status status="PASS" starttime="20230203 17:29:33.541" endtime="20230203 17:29:33.542"/>
</kw>
<status status="PASS" starttime="20230203 17:29:33.540" endtime="20230203 17:29:33.543"/>
</iter>
<status status="PASS" starttime="20230203 17:29:33.532" endtime="20230203 17:29:33.543"/>
</for>
<status status="PASS" starttime="20230203 17:29:33.520" endtime="20230203 17:29:33.609"/>
</test>
<test id="s1-t2" name="ForLoop5" line="32">
<kw name="Create List" library="BuiltIn">
<var>@{items}</var>
<arg>1</arg>
<arg>2</arg>
<arg>3</arg>
<arg>4</arg>
<arg>5</arg>
<doc>Returns a list containing given items.</doc>
<msg timestamp="20230203 17:29:33.614" level="INFO">@{items} = [ 1 | 2 | 3 | 4 | 5 ]</msg>
<status status="PASS" starttime="20230203 17:29:33.613" endtime="20230203 17:29:33.615"/>
</kw>
<for flavor="IN">
<var>${i}</var>
<value>@{items}</value>
<iter>
<var name="${i}">1</var>
<kw name="Log" library="BuiltIn">
<arg>${i}</arg>
<doc>Logs the given message with the given level.</doc>
<msg timestamp="20230203 17:29:33.619" level="INFO">1</msg>
<status status="PASS" starttime="20230203 17:29:33.618" endtime="20230203 17:29:33.619"/>
</kw>
<kw name="Exit For Loop If" library="BuiltIn">
<arg>${i}==3</arg>
<doc>Stops executing the enclosing FOR loop if the ``condition`` is true.</doc>
<status status="PASS" starttime="20230203 17:29:33.620" endtime="20230203 17:29:33.622"/>
</kw>
<status status="PASS" starttime="20230203 17:29:33.617" endtime="20230203 17:29:33.622"/>
</iter>
<iter>
<var name="${i}">2</var>
<kw name="Log" library="BuiltIn">
<arg>${i}</arg>
<doc>Logs the given message with the given level.</doc>
<msg timestamp="20230203 17:29:33.625" level="INFO">2</msg>
<status status="PASS" starttime="20230203 17:29:33.624" endtime="20230203 17:29:33.626"/>
</kw>
<kw name="Exit For Loop If" library="BuiltIn">
<arg>${i}==3</arg>
<doc>Stops executing the enclosing FOR loop if the ``condition`` is true.</doc>
<status status="PASS" starttime="20230203 17:29:33.626" endtime="20230203 17:29:33.628"/>
</kw>
<status status="PASS" starttime="20230203 17:29:33.623" endtime="20230203 17:29:33.629"/>
</iter>
<iter>
<var name="${i}">3</var>
<kw name="Log" library="BuiltIn">
<arg>${i}</arg>
<doc>Logs the given message with the given level.</doc>
<msg timestamp="20230203 17:29:33.631" level="INFO">3</msg>
<status status="PASS" starttime="20230203 17:29:33.630" endtime="20230203 17:29:33.632"/>
</kw>
<kw name="Exit For Loop If" library="BuiltIn">
<arg>${i}==3</arg>
<doc>Stops executing the enclosing FOR loop if the ``condition`` is true.</doc>
<msg timestamp="20230203 17:29:33.634" level="INFO">Exiting for loop altogether.</msg>
<status status="PASS" starttime="20230203 17:29:33.633" endtime="20230203 17:29:33.634"/>
</kw>
<status status="PASS" starttime="20230203 17:29:33.629" endtime="20230203 17:29:33.635"/>
</iter>
<status status="PASS" starttime="20230203 17:29:33.616" endtime="20230203 17:29:33.635"/>
</for>
<status status="PASS" starttime="20230203 17:29:33.611" endtime="20230203 17:29:33.636"/>
</test>
<status status="PASS" starttime="20230203 17:29:32.282" endtime="20230203 17:29:33.637"/>
</suite>
<statistics>
<total>
<stat pass="2" fail="0" skip="0">All Tests</stat>
</total>
<tag>
</tag>
<suite>
<stat pass="2" fail="0" skip="0" id="s1" name="ForLoop">ForLoop</stat>
</suite>
</statistics>
<errors>
<msg timestamp="20230203 17:29:33.610" level="WARN">Multiple tests with name 'ForLoop5' executed in suite 'ForLoop'.</msg>
</errors>
</robot>
