<?xml version="1.0" encoding="UTF-8"?>
<robot generator="Robot 6.0.2 (Python 3.11.1 on win32)" generated="20230203 18:27:15.973" rpa="false" schemaversion="3">
<suite id="s1" name="TableDemo" source="C:\Users\lua-b\OneDrive\Área de Trabalho\Robot\TestCases\TableDemo.robot">
<test id="s1-t1" name="TableValidations" line="5">
<kw name="Open Browser" library="SeleniumLibrary">
<arg>https://testpages.herokuapp.com/styled/tag/table.html</arg>
<arg>chrome</arg>
<doc>Opens a new browser instance to the optional ``url``.</doc>
<msg timestamp="20230203 18:27:16.512" level="INFO">Opening browser 'chrome' to base url 'https://testpages.herokuapp.com/styled/tag/table.html'.</msg>
<status status="PASS" starttime="20230203 18:27:16.511" endtime="20230203 18:27:20.389"/>
</kw>
<kw name="Maximize Browser Window" library="SeleniumLibrary">
<doc>Maximizes current browser window.</doc>
<status status="PASS" starttime="20230203 18:27:20.389" endtime="20230203 18:27:20.562"/>
</kw>
<kw name="Get Element Count" library="SeleniumLibrary">
<var>${rows}</var>
<arg>xpath://*[@id="mytable"]/tbody/tr</arg>
<doc>Returns the number of elements matching ``locator``.</doc>
<msg timestamp="20230203 18:27:20.587" level="INFO">${rows} = 5</msg>
<status status="PASS" starttime="20230203 18:27:20.562" endtime="20230203 18:27:20.587"/>
</kw>
<kw name="Get Element Count" library="SeleniumLibrary">
<var>${cols}</var>
<arg>xpath://*[@id="mytable"]/tbody/tr[1]/th</arg>
<doc>Returns the number of elements matching ``locator``.</doc>
<msg timestamp="20230203 18:27:20.625" level="INFO">${cols} = 2</msg>
<status status="PASS" starttime="20230203 18:27:20.588" endtime="20230203 18:27:20.626"/>
</kw>
<kw name="Log To Console" library="BuiltIn">
<arg>number of rows is ${rows}</arg>
<doc>Logs the given message to the console.</doc>
<status status="PASS" starttime="20230203 18:27:20.627" endtime="20230203 18:27:20.628"/>
</kw>
<kw name="Log To Console" library="BuiltIn">
<arg>number of cols is ${cols}</arg>
<doc>Logs the given message to the console.</doc>
<status status="PASS" starttime="20230203 18:27:20.629" endtime="20230203 18:27:20.630"/>
</kw>
<kw name="Get Text" library="SeleniumLibrary">
<var>${data}</var>
<arg>xpath://*[@id="mytable"]/tbody/tr[5]/td[1]</arg>
<doc>Returns the text value of the element identified by ``locator``.</doc>
<msg timestamp="20230203 18:27:20.740" level="INFO">${data} = Douglas</msg>
<status status="PASS" starttime="20230203 18:27:20.630" endtime="20230203 18:27:20.740"/>
</kw>
<kw name="Log To Console" library="BuiltIn">
<arg>${data}</arg>
<doc>Logs the given message to the console.</doc>
<status status="PASS" starttime="20230203 18:27:20.740" endtime="20230203 18:27:20.741"/>
</kw>
<kw name="Table Column Should Contain" library="SeleniumLibrary">
<arg>xpath://*[@id="mytable"]</arg>
<arg>2</arg>
<arg>Amount</arg>
<doc>Verifies table column contains text ``expected``.</doc>
<status status="PASS" starttime="20230203 18:27:20.742" endtime="20230203 18:27:20.842"/>
</kw>
<kw name="Table Row Should Contain" library="SeleniumLibrary">
<arg>xpath://*[@id="mytable"]</arg>
<arg>3</arg>
<arg>Bob</arg>
<doc>Verifies that table row contains text ``expected``.</doc>
<status status="PASS" starttime="20230203 18:27:20.843" endtime="20230203 18:27:20.971"/>
</kw>
<kw name="Table Cell Should Contain" library="SeleniumLibrary">
<arg>xpath://*[@id="mytable"]</arg>
<arg>3</arg>
<arg>2</arg>
<arg>23</arg>
<doc>Verifies table cell contains text ``expected``.</doc>
<msg timestamp="20230203 18:27:21.096" level="INFO">Table cell contains '23'.</msg>
<status status="PASS" starttime="20230203 18:27:20.971" endtime="20230203 18:27:21.097"/>
</kw>
<kw name="Table Header Should Contain" library="SeleniumLibrary">
<arg>xpath://*[@id="mytable"]</arg>
<arg>Name</arg>
<doc>Verifies table header contains text ``expected``.</doc>
<status status="PASS" starttime="20230203 18:27:21.097" endtime="20230203 18:27:21.183"/>
</kw>
<status status="PASS" starttime="20230203 18:27:16.510" endtime="20230203 18:27:21.184"/>
</test>
<status status="PASS" starttime="20230203 18:27:15.977" endtime="20230203 18:27:21.187"/>
</suite>
<statistics>
<total>
<stat pass="1" fail="0" skip="0">All Tests</stat>
</total>
<tag>
</tag>
<suite>
<stat pass="1" fail="0" skip="0" id="s1" name="TableDemo">TableDemo</stat>
</suite>
</statistics>
<errors>
</errors>
</robot>
