<?xml version="1.0" encoding="UTF-8"?>
<robot generator="Robot 6.0.2 (Python 3.11.1 on win32)" generated="20230131 05:16:32.782" rpa="false" schemaversion="3">
<suite id="s1" name="RadioButtons" source="C:\Users\lua-b\OneDrive\Área de Trabalho\Robot\TestCases\RadioButtons.robot">
<test id="s1-t1" name="TestingRadioButtonsAndCheckBoxes" line="10">
<kw name="radioButton">
<kw name="Open Browser" library="SeleniumLibrary">
<arg>${url_radiobutton}</arg>
<arg>${browser}</arg>
<doc>Opens a new browser instance to the optional ``url``.</doc>
<msg timestamp="20230131 05:16:35.099" level="INFO">Opening browser 'chrome' to base url 'https://demo.seleniumeasy.com/basic-radiobutton-demo.html'.</msg>
<status status="PASS" starttime="20230131 05:16:35.095" endtime="20230131 05:16:46.901"/>
</kw>
<kw name="Maximize Browser Window" library="SeleniumLibrary">
<doc>Maximizes current browser window.</doc>
<status status="PASS" starttime="20230131 05:16:46.902" endtime="20230131 05:16:47.530"/>
</kw>
<kw name="Set Selenium Speed" library="SeleniumLibrary">
<arg>2seconds</arg>
<doc>Sets the delay that is waited after each Selenium command.</doc>
<status status="PASS" starttime="20230131 05:16:47.531" endtime="20230131 05:16:47.532"/>
</kw>
<kw name="Select Radio Button" library="SeleniumLibrary">
<arg>optradio</arg>
<arg>Female</arg>
<doc>Sets the radio button group ``group_name`` to ``value``.</doc>
<msg timestamp="20230131 05:16:47.534" level="INFO">Selecting 'Female' from radio button 'optradio'.</msg>
<status status="PASS" starttime="20230131 05:16:47.533" endtime="20230131 05:16:53.892"/>
</kw>
<kw name="Select Radio Button" library="SeleniumLibrary">
<arg>ageGroup</arg>
<arg>5 - 15</arg>
<doc>Sets the radio button group ``group_name`` to ``value``.</doc>
<msg timestamp="20230131 05:16:53.895" level="INFO">Selecting '5 - 15' from radio button 'ageGroup'.</msg>
<status status="PASS" starttime="20230131 05:16:53.893" endtime="20230131 05:17:00.263"/>
</kw>
<kw name="Close Browser" library="SeleniumLibrary">
<doc>Closes the current browser.</doc>
<status status="PASS" starttime="20230131 05:17:00.264" endtime="20230131 05:17:04.691"/>
</kw>
<status status="PASS" starttime="20230131 05:16:35.094" endtime="20230131 05:17:04.692"/>
</kw>
<kw name="checkBox">
<kw name="Open Browser" library="SeleniumLibrary">
<arg>${url_checkbox}</arg>
<arg>${browser}</arg>
<doc>Opens a new browser instance to the optional ``url``.</doc>
<msg timestamp="20230131 05:17:04.694" level="INFO">Opening browser 'chrome' to base url 'https://demo.seleniumeasy.com/basic-checkbox-demo.html'.</msg>
<status status="PASS" starttime="20230131 05:17:04.693" endtime="20230131 05:17:13.695"/>
</kw>
<kw name="Maximize Browser Window" library="SeleniumLibrary">
<doc>Maximizes current browser window.</doc>
<status status="PASS" starttime="20230131 05:17:13.695" endtime="20230131 05:17:15.818"/>
</kw>
<kw name="Set Selenium Speed" library="SeleniumLibrary">
<arg>2seconds</arg>
<doc>Sets the delay that is waited after each Selenium command.</doc>
<status status="PASS" starttime="20230131 05:17:15.818" endtime="20230131 05:17:15.819"/>
</kw>
<kw name="Select Checkbox" library="SeleniumLibrary">
<arg>xpath:(//input[@value=''])[2]</arg>
<doc>Selects the checkbox identified by ``locator``.</doc>
<msg timestamp="20230131 05:17:15.820" level="INFO">Selecting checkbox 'xpath:(//input[@value=''])[2]'.</msg>
<status status="PASS" starttime="20230131 05:17:15.819" endtime="20230131 05:17:26.004"/>
</kw>
<kw name="Unselect Checkbox" library="SeleniumLibrary">
<arg>xpath:(//input[@value=''])[2]</arg>
<doc>Removes the selection of checkbox identified by ``locator``.</doc>
<msg timestamp="20230131 05:17:26.006" level="INFO">Unselecting checkbox 'xpath:(//input[@value=''])[2]'.</msg>
<status status="PASS" starttime="20230131 05:17:26.005" endtime="20230131 05:17:36.202"/>
</kw>
<kw name="Close Browser" library="SeleniumLibrary">
<doc>Closes the current browser.</doc>
<status status="PASS" starttime="20230131 05:17:36.202" endtime="20230131 05:17:40.429"/>
</kw>
<status status="PASS" starttime="20230131 05:17:04.692" endtime="20230131 05:17:40.430"/>
</kw>
<status status="PASS" starttime="20230131 05:16:35.087" endtime="20230131 05:17:40.430"/>
</test>
<status status="PASS" starttime="20230131 05:16:32.866" endtime="20230131 05:17:40.432"/>
</suite>
<statistics>
<total>
<stat pass="1" fail="0" skip="0">All Tests</stat>
</total>
<tag>
</tag>
<suite>
<stat pass="1" fail="0" skip="0" id="s1" name="RadioButtons">RadioButtons</stat>
</suite>
</statistics>
<errors>
</errors>
</robot>
