<?xml version="1.0" encoding="UTF-8"?>
<robot generator="Robot 6.0.2 (Python 3.11.1 on win32)" generated="20230213 22:05:49.410" rpa="false" schemaversion="3">
<suite id="s1" name="SetupAndTearDown" source="C:\Users\lua-b\OneDrive\Área de Trabalho\Robot\TestCases\SetupAndTearDown.robot">
<kw name="Log To Console" library="BuiltIn" type="SETUP">
<arg>Opening browser</arg>
<doc>Logs the given message to the console.</doc>
<status status="PASS" starttime="20230213 22:05:49.618" endtime="20230213 22:05:49.621"/>
</kw>
<test id="s1-t1" name="TC1 Prepaid Recharge" line="10">
<kw name="Log To Console" library="BuiltIn" type="SETUP">
<arg>Login to application</arg>
<doc>Logs the given message to the console.</doc>
<status status="PASS" starttime="20230213 22:05:49.625" endtime="20230213 22:05:49.631"/>
</kw>
<kw name="Log To Console" library="BuiltIn">
<arg>This is prepaid recharge testcase</arg>
<doc>Logs the given message to the console.</doc>
<status status="PASS" starttime="20230213 22:05:49.638" endtime="20230213 22:05:49.644"/>
</kw>
<kw name="Log To Console" library="BuiltIn" type="TEARDOWN">
<arg>Logout from application</arg>
<doc>Logs the given message to the console.</doc>
<status status="PASS" starttime="20230213 22:05:49.645" endtime="20230213 22:05:49.646"/>
</kw>
<status status="PASS" starttime="20230213 22:05:49.622" endtime="20230213 22:05:49.647"/>
</test>
<test id="s1-t2" name="TC2 Postpaid Recharge" line="13">
<kw name="Log To Console" library="BuiltIn" type="SETUP">
<arg>Login to application</arg>
<doc>Logs the given message to the console.</doc>
<status status="PASS" starttime="20230213 22:05:49.650" endtime="20230213 22:05:49.651"/>
</kw>
<kw name="Log To Console" library="BuiltIn">
<arg>This is postpaid recharge testcase</arg>
<doc>Logs the given message to the console.</doc>
<status status="PASS" starttime="20230213 22:05:49.651" endtime="20230213 22:05:49.652"/>
</kw>
<kw name="Log To Console" library="BuiltIn" type="TEARDOWN">
<arg>Logout from application</arg>
<doc>Logs the given message to the console.</doc>
<status status="PASS" starttime="20230213 22:05:49.653" endtime="20230213 22:05:49.653"/>
</kw>
<status status="PASS" starttime="20230213 22:05:49.648" endtime="20230213 22:05:49.654"/>
</test>
<test id="s1-t3" name="TC3 Search" line="16">
<kw name="Log To Console" library="BuiltIn" type="SETUP">
<arg>Login to application</arg>
<doc>Logs the given message to the console.</doc>
<status status="PASS" starttime="20230213 22:05:49.656" endtime="20230213 22:05:49.657"/>
</kw>
<kw name="Log To Console" library="BuiltIn">
<arg>This is search test case</arg>
<doc>Logs the given message to the console.</doc>
<status status="PASS" starttime="20230213 22:05:49.658" endtime="20230213 22:05:49.659"/>
</kw>
<kw name="Log To Console" library="BuiltIn" type="TEARDOWN">
<arg>Logout from application</arg>
<doc>Logs the given message to the console.</doc>
<status status="PASS" starttime="20230213 22:05:49.660" endtime="20230213 22:05:49.663"/>
</kw>
<status status="PASS" starttime="20230213 22:05:49.654" endtime="20230213 22:05:49.663"/>
</test>
<test id="s1-t4" name="TC4 Advanced Search" line="19">
<kw name="Log To Console" library="BuiltIn" type="SETUP">
<arg>Login to application</arg>
<doc>Logs the given message to the console.</doc>
<status status="PASS" starttime="20230213 22:05:49.665" endtime="20230213 22:05:49.666"/>
</kw>
<kw name="Log To Console" library="BuiltIn">
<arg>This is advanced search test case</arg>
<doc>Logs the given message to the console.</doc>
<status status="PASS" starttime="20230213 22:05:49.666" endtime="20230213 22:05:49.667"/>
</kw>
<kw name="Log To Console" library="BuiltIn" type="TEARDOWN">
<arg>Logout from application</arg>
<doc>Logs the given message to the console.</doc>
<status status="PASS" starttime="20230213 22:05:49.668" endtime="20230213 22:05:49.669"/>
</kw>
<status status="PASS" starttime="20230213 22:05:49.664" endtime="20230213 22:05:49.670"/>
</test>
<kw name="Log To Console" library="BuiltIn" type="TEARDOWN">
<arg>Closing browser</arg>
<doc>Logs the given message to the console.</doc>
<status status="PASS" starttime="20230213 22:05:49.672" endtime="20230213 22:05:49.673"/>
</kw>
<status status="PASS" starttime="20230213 22:05:49.429" endtime="20230213 22:05:49.673"/>
</suite>
<statistics>
<total>
<stat pass="4" fail="0" skip="0">All Tests</stat>
</total>
<tag>
</tag>
<suite>
<stat pass="4" fail="0" skip="0" id="s1" name="SetupAndTearDown">SetupAndTearDown</stat>
</suite>
</statistics>
<errors>
</errors>
</robot>
