<?xml version="1.0" encoding="UTF-8"?>
<robot generator="Robot 6.0.2 (Python 3.11.1 on win32)" generated="20230201 16:57:25.961" rpa="false" schemaversion="3">
<suite id="s1" name="CaptureElementsAndFullPages" source="C:\Users\lua-b\OneDrive\Área de Trabalho\Robot\TestCases\CaptureElementsAndFullPages.robot">
<test id="s1-t1" name="Capture" line="5">
<kw name="Open Browser" library="SeleniumLibrary">
<arg>https://www.orangehrm.com/contact-sales/</arg>
<arg>chrome</arg>
<doc>Opens a new browser instance to the optional ``url``.</doc>
<msg timestamp="20230201 16:57:26.878" level="INFO">Opening browser 'chrome' to base url 'https://www.orangehrm.com/contact-sales/'.</msg>
<status status="PASS" starttime="20230201 16:57:26.877" endtime="20230201 16:57:33.673"/>
</kw>
<kw name="Maximize Browser Window" library="SeleniumLibrary">
<doc>Maximizes current browser window.</doc>
<status status="PASS" starttime="20230201 16:57:33.674" endtime="20230201 16:57:33.809"/>
</kw>
<kw name="Input Text" library="SeleniumLibrary">
<arg>id:Form_getForm_FullName</arg>
<arg>John Doe</arg>
<doc>Types the given ``text`` into the text field identified by ``locator``.</doc>
<msg timestamp="20230201 16:57:33.810" level="INFO">Typing text 'John Doe' into text field 'id:Form_getForm_FullName'.</msg>
<status status="PASS" starttime="20230201 16:57:33.809" endtime="20230201 16:57:34.061"/>
</kw>
<kw name="Input Text" library="SeleniumLibrary">
<arg>id:Form_getForm_JobTitle</arg>
<arg>QA</arg>
<doc>Types the given ``text`` into the text field identified by ``locator``.</doc>
<msg timestamp="20230201 16:57:34.064" level="INFO">Typing text 'QA' into text field 'id:Form_getForm_JobTitle'.</msg>
<status status="PASS" starttime="20230201 16:57:34.062" endtime="20230201 16:57:34.278"/>
</kw>
<kw name="Capture Element Screenshot" library="SeleniumLibrary">
<arg>xpath:/html/body/nav/div/a/img</arg>
<arg>ScreenShots/Logo.png</arg>
<doc>Captures a screenshot from the element identified by ``locator`` and embeds it into log file.</doc>
<msg timestamp="20230201 16:57:34.448" level="INFO" html="true">&lt;/td&gt;&lt;/tr&gt;&lt;tr&gt;&lt;td colspan="3"&gt;&lt;a href="ScreenShots/Logo.png"&gt;&lt;img src="ScreenShots/Logo.png" width="400px"&gt;&lt;/a&gt;</msg>
<status status="PASS" starttime="20230201 16:57:34.279" endtime="20230201 16:57:34.449"/>
</kw>
<kw name="Capture Page Screenshot" library="SeleniumLibrary">
<arg>ScreenShots/FullPage.png</arg>
<doc>Takes a screenshot of the current page and embeds it into a log file.</doc>
<msg timestamp="20230201 16:57:34.985" level="INFO" html="true">&lt;/td&gt;&lt;/tr&gt;&lt;tr&gt;&lt;td colspan="3"&gt;&lt;a href="ScreenShots/FullPage.png"&gt;&lt;img src="ScreenShots/FullPage.png" width="800px"&gt;&lt;/a&gt;</msg>
<status status="PASS" starttime="20230201 16:57:34.449" endtime="20230201 16:57:34.986"/>
</kw>
<status status="PASS" starttime="20230201 16:57:26.876" endtime="20230201 16:57:34.986"/>
</test>
<status status="PASS" starttime="20230201 16:57:25.967" endtime="20230201 16:57:34.987"/>
</suite>
<statistics>
<total>
<stat pass="1" fail="0" skip="0">All Tests</stat>
</total>
<tag>
</tag>
<suite>
<stat pass="1" fail="0" skip="0" id="s1" name="CaptureElementsAndFullPages">CaptureElementsAndFullPages</stat>
</suite>
</statistics>
<errors>
</errors>
</robot>
